<?xml version="1.0" encoding="utf-8"?><testsuites name="pytest tests"><testsuite name="pytest" errors="0" failures="0" skipped="0" tests="58" time="4.338" timestamp="2026-05-29T20:16:47.425824+12:00" hostname="Ivans-MacBook-Pro.local"><testcase classname="statsmodels.regression.tests.test_theil.TestTheil2" name="test_attributes" time="0.066" /><testcase classname="statsmodels.regression.tests.test_theil.TestTheilLinRestrictionApprox" name="test_attributes" time="0.001" /><testcase classname="statsmodels.regression.tests.test_theil.TestTheilTextile" name="test_other" time="0.001" /><testcase classname="statsmodels.regression.tests.test_theil.TestTheilTextile" name="test_summary" time="0.001" /><testcase classname="statsmodels.regression.tests.test_theil.TestTheilTextile" name="test_basic" time="0.000" /><testcase classname="statsmodels.regression.tests.test_theil.TestTheilTextile" name="test_no_penalization" time="0.000" /><testcase classname="statsmodels.regression.tests.test_theil.TestTheilGLS" name="test_attributes" time="0.001" /><testcase classname="statsmodels.regression.tests.test_theil.TestTheil3" name="test_attributes" time="0.001" /><testcase classname="statsmodels.regression.tests.test_theil.TestTheilPanel" name="test_regression" time="0.236" /><testcase classname="statsmodels.regression.tests.test_theil.TestTheilPanel" name="test_combine_subset_regression" time="0.001" /><testcase classname="statsmodels.regression.tests.test_theil.TestTheil1" name="test_attributes" time="0.001" /><testcase classname="statsmodels.regression.tests.test_theil.TestTheilLinRestriction" name="test_attributes" time="0.001" /><testcase classname="statsmodels.regression.tests.test_lme.TestSMWLogdet" name="test_smw_logdet[0-2-8-5]" time="0.000" /><testcase classname="statsmodels.regression.tests.test_lme.TestSMWLogdet" name="test_smw_logdet[0.5-2-8-10]" time="0.000" /><testcase classname="statsmodels.regression.tests.test_lme.TestSMWLogdet" name="test_smw_logdet[0.5-2-8-5]" time="0.000" /><testcase classname="statsmodels.regression.tests.test_lme.TestSMWLogdet" name="test_smw_logdet[0-2-8-10]" time="0.000" /><testcase classname="statsmodels.regression.tests.test_lme.TestSMWLogdet" name="test_smw_logdet[0.5-3-4-10]" time="0.000" /><testcase classname="statsmodels.regression.tests.test_lme.TestSMWLogdet" name="test_smw_logdet[0-3-4-10]" time="0.000" /><testcase classname="statsmodels.regression.tests.test_lme.TestSMWLogdet" name="test_smw_logdet[0-2-4-5]" time="0.000" /><testcase classname="statsmodels.regression.tests.test_lme.TestSMWLogdet" name="test_smw_logdet[0.5-2-4-5]" time="0.000" /><testcase classname="statsmodels.regression.tests.test_lme.TestSMWLogdet" name="test_smw_logdet[0.5-3-8-10]" time="0.000" /><testcase classname="statsmodels.regression.tests.test_lme.TestSMWLogdet" name="test_smw_logdet[0-3-8-10]" time="0.000" /><testcase classname="statsmodels.regression.tests.test_lme.TestSMWLogdet" name="test_smw_logdet[0-3-4-5]" time="0.000" /><testcase classname="statsmodels.regression.tests.test_lme.TestSMWLogdet" name="test_smw_logdet[0.5-3-4-5]" time="0.000" /><testcase classname="statsmodels.regression.tests.test_lme.TestSMWLogdet" name="test_smw_logdet[0-3-8-5]" time="0.000" /><testcase classname="statsmodels.regression.tests.test_lme.TestSMWLogdet" name="test_smw_logdet[0.5-2-4-10]" time="0.000" /><testcase classname="statsmodels.regression.tests.test_lme.TestSMWLogdet" name="test_smw_logdet[0.5-3-8-5]" time="0.000" /><testcase classname="statsmodels.regression.tests.test_lme.TestSMWLogdet" name="test_smw_logdet[0-2-4-10]" time="0.000" /><testcase classname="statsmodels.regression.tests.test_lme.TestSMWSolver" name="test_smw_solver[0-3-4-10]" time="0.001" /><testcase classname="statsmodels.regression.tests.test_lme.TestSMWSolver" name="test_smw_solver[0.5-2-8-5]" time="0.002" /><testcase classname="statsmodels.regression.tests.test_lme.TestSMWSolver" name="test_smw_solver[0.5-2-4-10]" time="0.001" /><testcase classname="statsmodels.regression.tests.test_lme.TestSMWSolver" name="test_smw_solver[0-3-8-5]" time="0.000" /><testcase classname="statsmodels.regression.tests.test_lme.TestSMWSolver" name="test_smw_solver[0.5-3-8-10]" time="0.000" /><testcase classname="statsmodels.regression.tests.test_lme.TestSMWSolver" name="test_smw_solver[0-3-4-5]" time="0.000" /><testcase classname="statsmodels.regression.tests.test_lme.TestSMWSolver" name="test_smw_solver[0-2-8-10]" time="0.000" /><testcase classname="statsmodels.regression.tests.test_lme.TestSMWSolver" name="test_smw_solver[0.5-2-4-5]" time="0.000" /><testcase classname="statsmodels.regression.tests.test_lme.TestSMWSolver" name="test_smw_solver[0.5-3-4-10]" time="0.000" /><testcase classname="statsmodels.regression.tests.test_lme.TestSMWSolver" name="test_smw_solver[0.5-3-4-5]" time="0.000" /><testcase classname="statsmodels.regression.tests.test_lme.TestSMWSolver" name="test_smw_solver[0-2-4-5]" time="0.000" /><testcase classname="statsmodels.regression.tests.test_lme.TestSMWSolver" name="test_smw_solver[0-2-4-10]" time="0.000" /><testcase classname="statsmodels.regression.tests.test_lme.TestSMWSolver" name="test_smw_solver[0-3-8-10]" time="0.001" /><testcase classname="statsmodels.regression.tests.test_lme.TestSMWSolver" name="test_smw_solver[0-2-8-5]" time="0.001" /><testcase classname="statsmodels.regression.tests.test_lme.TestSMWSolver" name="test_smw_solver[0.5-2-8-10]" time="0.001" /><testcase classname="statsmodels.regression.tests.test_lme.TestSMWSolver" name="test_smw_solver[0.5-3-8-5]" time="0.001" /><testcase classname="statsmodels.regression.tests.test_lme.TestMixedLMSummary" name="test_summary_xname_fe" time="0.004" /><testcase classname="statsmodels.regression.tests.test_lme.TestMixedLMSummary" name="test_summary_xname_re" time="0.001" /><testcase classname="statsmodels.regression.tests.test_lme.TestMixedLMSummary" name="test_summary_title" time="0.001" /><testcase classname="statsmodels.regression.tests.test_lme.TestMixedLMSummary" name="test_summary" time="0.001" /><testcase classname="statsmodels.regression.tests.test_lme.TestMixedLMSummaryRegularized" name="test_summary_xname_re" time="0.004" /><testcase classname="statsmodels.regression.tests.test_lme.TestMixedLMSummaryRegularized" name="test_summary" time="0.001" /><testcase classname="statsmodels.regression.tests.test_lme.TestMixedLMSummaryRegularized" name="test_summary_xname_fe" time="0.000" /><testcase classname="statsmodels.regression.tests.test_lme.TestMixedLMSummaryRegularized" name="test_summary_title" time="0.000" /><testcase classname="statsmodels.regression.tests.test_lme.TestMixedLM" name="test_compare_numdiff[False-False-True]" time="0.453" /><testcase classname="statsmodels.regression.tests.test_lme.TestMixedLM" name="test_regularized" time="0.372" /><testcase classname="statsmodels.regression.tests.test_lme.TestMixedLM" name="test_compare_numdiff[True-False-True]" time="0.463" /><testcase classname="statsmodels.regression.tests.test_lme.TestMixedLM" name="test_history" time="0.022" /><testcase classname="statsmodels.regression.tests.test_lme.TestMixedLM" name="test_compare_numdiff[True-False-False]" time="0.626" /><testcase classname="statsmodels.regression.tests.test_lme.TestMixedLM" name="test_compare_numdiff[True-True-False]" time="0.667" /><testcase time="0.000" /></testsuite></testsuites>