<?xml version="1.0" encoding="utf-8"?><testsuites name="pytest tests"><testsuite name="pytest" errors="0" failures="0" skipped="12" tests="753" time="47.818" timestamp="2026-05-29T20:02:50.199575+12:00" hostname="Ivans-MacBook-Pro.local"><testcase classname="statsmodels.regression.tests.test_tools.TestMinimalWLS" name="test_equivalence_with_wls[True]" time="6.561" /><testcase classname="statsmodels.regression.tests.test_tools.TestMinimalWLS" name="test_equivalence_with_wls[False]" time="0.001" /><testcase classname="statsmodels.regression.tests.test_tools.TestMinimalWLS" name="test_inf_nan[nan]" time="0.000" /><testcase classname="statsmodels.regression.tests.test_tools.TestMinimalWLS" name="test_inf_nan[inf]" time="0.000" /><testcase classname="statsmodels.regression.tests.test_cov" name="test_HC_use" time="0.001" /><testcase classname="statsmodels.regression.tests.test_quantile_regression.TestParzeneHsheather" name="test_bse" time="0.007" /><testcase classname="statsmodels.regression.tests.test_quantile_regression.TestParzeneHsheather" name="test_df_model" time="0.000" /><testcase classname="statsmodels.regression.tests.test_quantile_regression.TestParzeneHsheather" name="test_df_resid" time="0.000" /><testcase classname="statsmodels.regression.tests.test_quantile_regression.TestParzeneHsheather" name="test_conf_int" time="0.001" /><testcase classname="statsmodels.regression.tests.test_quantile_regression.TestParzeneHsheather" name="test_prsquared" time="0.000" /><testcase classname="statsmodels.regression.tests.test_quantile_regression.TestParzeneHsheather" name="test_nobs" time="0.000" /><testcase classname="statsmodels.regression.tests.test_quantile_regression.TestParzeneHsheather" name="test_tvalues" time="0.000" /><testcase classname="statsmodels.regression.tests.test_quantile_regression.TestParzeneHsheather" name="test_pvalues" time="0.000" /><testcase classname="statsmodels.regression.tests.test_quantile_regression.TestParzeneHsheather" name="test_sparsity" time="0.000" /><testcase classname="statsmodels.regression.tests.test_quantile_regression.TestParzeneHsheather" name="test_params" time="0.000" /><testcase classname="statsmodels.regression.tests.test_quantile_regression.TestParzeneHsheather" name="test_bandwidth" time="0.000" /><testcase classname="statsmodels.regression.tests.test_quantile_regression.TestBiweightHsheather" name="test_prsquared" time="0.006" /><testcase classname="statsmodels.regression.tests.test_quantile_regression.TestBiweightHsheather" name="test_sparsity" time="0.000" /><testcase classname="statsmodels.regression.tests.test_quantile_regression.TestBiweightHsheather" name="test_tvalues" time="0.000" /><testcase classname="statsmodels.regression.tests.test_quantile_regression.TestBiweightHsheather" name="test_nobs" time="0.000" /><testcase classname="statsmodels.regression.tests.test_quantile_regression.TestBiweightHsheather" name="test_bse" time="0.000" /><testcase classname="statsmodels.regression.tests.test_quantile_regression.TestBiweightHsheather" name="test_params" time="0.000" /><testcase classname="statsmodels.regression.tests.test_quantile_regression.TestBiweightHsheather" name="test_df_model" time="0.000" /><testcase classname="statsmodels.regression.tests.test_quantile_regression.TestBiweightHsheather" name="test_df_resid" time="0.000" /><testcase classname="statsmodels.regression.tests.test_quantile_regression.TestBiweightHsheather" name="test_conf_int" time="0.000" /><testcase classname="statsmodels.regression.tests.test_quantile_regression.TestBiweightHsheather" name="test_pvalues" time="0.000" /><testcase classname="statsmodels.regression.tests.test_quantile_regression.TestBiweightHsheather" name="test_bandwidth" time="0.000" /><testcase classname="statsmodels.regression.tests.test_quantile_regression.TestGaussianChamberlain" name="test_params" time="0.006" /><testcase classname="statsmodels.regression.tests.test_quantile_regression.TestGaussianChamberlain" name="test_nobs" time="0.000" /><testcase classname="statsmodels.regression.tests.test_quantile_regression.TestGaussianChamberlain" name="test_df_model" time="0.000" /><testcase classname="statsmodels.regression.tests.test_quantile_regression.TestGaussianChamberlain" name="test_conf_int" time="0.000" /><testcase classname="statsmodels.regression.tests.test_quantile_regression.TestGaussianChamberlain" name="test_prsquared" time="0.000" /><testcase classname="statsmodels.regression.tests.test_quantile_regression.TestGaussianChamberlain" name="test_bse" time="0.000" /><testcase classname="statsmodels.regression.tests.test_quantile_regression.TestGaussianChamberlain" name="test_df_resid" time="0.000" /><testcase classname="statsmodels.regression.tests.test_quantile_regression.TestGaussianChamberlain" name="test_pvalues" time="0.000" /><testcase classname="statsmodels.regression.tests.test_quantile_regression.TestGaussianChamberlain" name="test_sparsity" time="0.000" /><testcase classname="statsmodels.regression.tests.test_quantile_regression.TestGaussianChamberlain" name="test_tvalues" time="0.000" /><testcase classname="statsmodels.regression.tests.test_quantile_regression.TestGaussianChamberlain" name="test_bandwidth" time="0.000" /><testcase classname="statsmodels.regression.tests.test_quantile_regression.TestParzeneChamberlain" name="test_pvalues" time="0.006" /><testcase classname="statsmodels.regression.tests.test_quantile_regression.TestParzeneChamberlain" name="test_params" time="0.000" /><testcase classname="statsmodels.regression.tests.test_quantile_regression.TestParzeneChamberlain" name="test_sparsity" time="0.000" /><testcase classname="statsmodels.regression.tests.test_quantile_regression.TestParzeneChamberlain" name="test_bse" time="0.000" /><testcase classname="statsmodels.regression.tests.test_quantile_regression.TestParzeneChamberlain" name="test_nobs" time="0.000" /><testcase classname="statsmodels.regression.tests.test_quantile_regression.TestParzeneChamberlain" name="test_prsquared" time="0.000" /><testcase classname="statsmodels.regression.tests.test_quantile_regression.TestParzeneChamberlain" name="test_conf_int" time="0.000" /><testcase classname="statsmodels.regression.tests.test_quantile_regression.TestParzeneChamberlain" name="test_df_resid" time="0.000" /><testcase classname="statsmodels.regression.tests.test_quantile_regression.TestParzeneChamberlain" name="test_bandwidth" time="0.000" /><testcase classname="statsmodels.regression.tests.test_quantile_regression.TestParzeneChamberlain" name="test_df_model" time="0.000" /><testcase classname="statsmodels.regression.tests.test_quantile_regression.TestParzeneChamberlain" name="test_tvalues" time="0.000" /><testcase classname="statsmodels.regression.tests.test_quantile_regression" name="test_fitted_residuals" time="0.003" /><testcase classname="statsmodels.regression.tests.test_quantile_regression" name="test_collinear_matrix" time="0.001" /><testcase classname="statsmodels.regression.tests.test_quantile_regression" name="test_alpha_summary" time="0.002" /><testcase classname="statsmodels.regression.tests.test_quantile_regression" name="test_nontrivial_singular_matrix" time="0.010" /><testcase classname="statsmodels.regression.tests.test_quantile_regression" name="test_zero_resid" time="0.002" /><testcase classname="statsmodels.regression.tests.test_quantile_regression" name="test_use_t_summary" time="0.001" /><testcase classname="statsmodels.regression.tests.test_quantile_regression" name="test_remove_data" time="0.001" /><testcase classname="statsmodels.regression.tests.test_quantile_regression.TestParzeneBofinger" name="test_nobs" time="0.006" /><testcase classname="statsmodels.regression.tests.test_quantile_regression.TestParzeneBofinger" name="test_conf_int" time="0.000" /><testcase classname="statsmodels.regression.tests.test_quantile_regression.TestParzeneBofinger" name="test_df_resid" time="0.000" /><testcase classname="statsmodels.regression.tests.test_quantile_regression.TestParzeneBofinger" name="test_df_model" time="0.000" /><testcase classname="statsmodels.regression.tests.test_quantile_regression.TestParzeneBofinger" name="test_prsquared" time="0.000" /><testcase classname="statsmodels.regression.tests.test_quantile_regression.TestParzeneBofinger" name="test_pvalues" time="0.000" /><testcase classname="statsmodels.regression.tests.test_quantile_regression.TestParzeneBofinger" name="test_bse" time="0.000" /><testcase classname="statsmodels.regression.tests.test_quantile_regression.TestParzeneBofinger" name="test_tvalues" time="0.000" /><testcase classname="statsmodels.regression.tests.test_quantile_regression.TestParzeneBofinger" name="test_bandwidth" time="0.000" /><testcase classname="statsmodels.regression.tests.test_quantile_regression.TestParzeneBofinger" name="test_sparsity" time="0.000" /><testcase classname="statsmodels.regression.tests.test_quantile_regression.TestParzeneBofinger" name="test_params" time="0.000" /><testcase classname="statsmodels.regression.tests.test_quantile_regression.TestCosineBofinger" name="test_sparsity" time="0.005" /><testcase classname="statsmodels.regression.tests.test_quantile_regression.TestCosineBofinger" name="test_prsquared" time="0.000" /><testcase classname="statsmodels.regression.tests.test_quantile_regression.TestCosineBofinger" name="test_tvalues" time="0.000" /><testcase classname="statsmodels.regression.tests.test_quantile_regression.TestCosineBofinger" name="test_df_model" time="0.000" /><testcase classname="statsmodels.regression.tests.test_quantile_regression.TestCosineBofinger" name="test_nobs" time="0.000" /><testcase classname="statsmodels.regression.tests.test_quantile_regression.TestCosineBofinger" name="test_conf_int" time="0.000" /><testcase classname="statsmodels.regression.tests.test_quantile_regression.TestCosineBofinger" name="test_df_resid" time="0.000" /><testcase classname="statsmodels.regression.tests.test_quantile_regression.TestCosineBofinger" name="test_bandwidth" time="0.000" /><testcase classname="statsmodels.regression.tests.test_quantile_regression.TestCosineBofinger" name="test_pvalues" time="0.000" /><testcase classname="statsmodels.regression.tests.test_quantile_regression.TestCosineBofinger" name="test_params" time="0.000" /><testcase classname="statsmodels.regression.tests.test_quantile_regression.TestCosineBofinger" name="test_bse" time="0.000" /><testcase classname="statsmodels.regression.tests.test_quantile_regression.TestEpanechnikovBofinger" name="test_df_resid" time="0.006" /><testcase classname="statsmodels.regression.tests.test_quantile_regression.TestEpanechnikovBofinger" name="test_tvalues" time="0.000" /><testcase classname="statsmodels.regression.tests.test_quantile_regression.TestEpanechnikovBofinger" name="test_conf_int" time="0.000" /><testcase classname="statsmodels.regression.tests.test_quantile_regression.TestEpanechnikovBofinger" name="test_nobs" time="0.000" /><testcase classname="statsmodels.regression.tests.test_quantile_regression.TestEpanechnikovBofinger" name="test_df_model" time="0.000" /><testcase classname="statsmodels.regression.tests.test_quantile_regression.TestEpanechnikovBofinger" name="test_prsquared" time="0.000" /><testcase classname="statsmodels.regression.tests.test_quantile_regression.TestEpanechnikovBofinger" name="test_bse" time="0.000" /><testcase classname="statsmodels.regression.tests.test_quantile_regression.TestEpanechnikovBofinger" name="test_bandwidth" time="0.000" /><testcase classname="statsmodels.regression.tests.test_quantile_regression.TestEpanechnikovBofinger" name="test_sparsity" time="0.000" /><testcase classname="statsmodels.regression.tests.test_quantile_regression.TestEpanechnikovBofinger" name="test_params" time="0.000" /><testcase classname="statsmodels.regression.tests.test_quantile_regression.TestEpanechnikovBofinger" name="test_pvalues" time="0.000" /><testcase classname="statsmodels.regression.tests.test_quantile_regression.TestEpanechnikovHsheatherQ75" name="test_params" time="0.003" /><testcase classname="statsmodels.regression.tests.test_quantile_regression.TestEpanechnikovHsheatherQ75" name="test_df_model" time="0.000" /><testcase classname="statsmodels.regression.tests.test_quantile_regression.TestEpanechnikovHsheatherQ75" name="test_df_resid" time="0.000" /><testcase classname="statsmodels.regression.tests.test_quantile_regression.TestEpanechnikovHsheatherQ75" name="test_conf_int" time="0.000" /><testcase classname="statsmodels.regression.tests.test_quantile_regression.TestEpanechnikovHsheatherQ75" name="test_tvalues" time="0.000" /><testcase classname="statsmodels.regression.tests.test_quantile_regression.TestEpanechnikovHsheatherQ75" name="test_bse" time="0.000" /><testcase classname="statsmodels.regression.tests.test_quantile_regression.TestEpanechnikovHsheatherQ75" name="test_bandwidth" time="0.000" /><testcase classname="statsmodels.regression.tests.test_quantile_regression.TestEpanechnikovHsheatherQ75" name="test_prsquared" time="0.000" /><testcase classname="statsmodels.regression.tests.test_quantile_regression.TestEpanechnikovHsheatherQ75" name="test_sparsity" time="0.000" /><testcase classname="statsmodels.regression.tests.test_quantile_regression.TestEpanechnikovHsheatherQ75" name="test_pvalues" time="0.000" /><testcase classname="statsmodels.regression.tests.test_quantile_regression.TestEpanechnikovHsheatherQ75" name="test_nobs" time="0.000" /><testcase classname="statsmodels.regression.tests.test_quantile_regression.TestCosineChamberlain" name="test_sparsity" time="0.006" /><testcase classname="statsmodels.regression.tests.test_quantile_regression.TestCosineChamberlain" name="test_bse" time="0.000" /><testcase classname="statsmodels.regression.tests.test_quantile_regression.TestCosineChamberlain" name="test_tvalues" time="0.000" /><testcase classname="statsmodels.regression.tests.test_quantile_regression.TestCosineChamberlain" name="test_params" time="0.000" /><testcase classname="statsmodels.regression.tests.test_quantile_regression.TestCosineChamberlain" name="test_bandwidth" time="0.000" /><testcase classname="statsmodels.regression.tests.test_quantile_regression.TestCosineChamberlain" name="test_df_model" time="0.000" /><testcase classname="statsmodels.regression.tests.test_quantile_regression.TestCosineChamberlain" name="test_prsquared" time="0.000" /><testcase classname="statsmodels.regression.tests.test_quantile_regression.TestCosineChamberlain" name="test_df_resid" time="0.000" /><testcase classname="statsmodels.regression.tests.test_quantile_regression.TestCosineChamberlain" name="test_conf_int" time="0.000" /><testcase classname="statsmodels.regression.tests.test_quantile_regression.TestCosineChamberlain" name="test_pvalues" time="0.001" /><testcase classname="statsmodels.regression.tests.test_quantile_regression.TestCosineChamberlain" name="test_nobs" time="0.000" /><testcase classname="statsmodels.regression.tests.test_quantile_regression.TestGaussianHsheather" name="test_df_resid" time="0.005" /><testcase classname="statsmodels.regression.tests.test_quantile_regression.TestGaussianHsheather" name="test_conf_int" time="0.000" /><testcase classname="statsmodels.regression.tests.test_quantile_regression.TestGaussianHsheather" name="test_tvalues" time="0.000" /><testcase classname="statsmodels.regression.tests.test_quantile_regression.TestGaussianHsheather" name="test_df_model" time="0.000" /><testcase classname="statsmodels.regression.tests.test_quantile_regression.TestGaussianHsheather" name="test_prsquared" time="0.000" /><testcase classname="statsmodels.regression.tests.test_quantile_regression.TestGaussianHsheather" name="test_nobs" time="0.000" /><testcase classname="statsmodels.regression.tests.test_quantile_regression.TestGaussianHsheather" name="test_bse" time="0.000" /><testcase classname="statsmodels.regression.tests.test_quantile_regression.TestGaussianHsheather" name="test_bandwidth" time="0.000" /><testcase classname="statsmodels.regression.tests.test_quantile_regression.TestGaussianHsheather" name="test_sparsity" time="0.000" /><testcase classname="statsmodels.regression.tests.test_quantile_regression.TestGaussianHsheather" name="test_pvalues" time="0.001" /><testcase classname="statsmodels.regression.tests.test_quantile_regression.TestGaussianHsheather" name="test_params" time="0.000" /><testcase classname="statsmodels.regression.tests.test_quantile_regression.TestBiweightBofinger" name="test_nobs" time="0.005" /><testcase classname="statsmodels.regression.tests.test_quantile_regression.TestBiweightBofinger" name="test_conf_int" time="0.000" /><testcase classname="statsmodels.regression.tests.test_quantile_regression.TestBiweightBofinger" name="test_df_resid" time="0.000" /><testcase classname="statsmodels.regression.tests.test_quantile_regression.TestBiweightBofinger" name="test_df_model" time="0.000" /><testcase classname="statsmodels.regression.tests.test_quantile_regression.TestBiweightBofinger" name="test_bandwidth" time="0.000" /><testcase classname="statsmodels.regression.tests.test_quantile_regression.TestBiweightBofinger" name="test_tvalues" time="0.000" /><testcase classname="statsmodels.regression.tests.test_quantile_regression.TestBiweightBofinger" name="test_sparsity" time="0.000" /><testcase classname="statsmodels.regression.tests.test_quantile_regression.TestBiweightBofinger" name="test_pvalues" time="0.000" /><testcase classname="statsmodels.regression.tests.test_quantile_regression.TestBiweightBofinger" name="test_params" time="0.000" /><testcase classname="statsmodels.regression.tests.test_quantile_regression.TestBiweightBofinger" name="test_prsquared" time="0.000" /><testcase classname="statsmodels.regression.tests.test_quantile_regression.TestBiweightBofinger" name="test_bse" time="0.000" /><testcase classname="statsmodels.regression.tests.test_quantile_regression.TestEpanechnikovHsheather" name="test_df_model" time="0.005" /><testcase classname="statsmodels.regression.tests.test_quantile_regression.TestEpanechnikovHsheather" name="test_prsquared" time="0.000" /><testcase classname="statsmodels.regression.tests.test_quantile_regression.TestEpanechnikovHsheather" name="test_conf_int" time="0.000" /><testcase classname="statsmodels.regression.tests.test_quantile_regression.TestEpanechnikovHsheather" name="test_tvalues" time="0.000" /><testcase classname="statsmodels.regression.tests.test_quantile_regression.TestEpanechnikovHsheather" name="test_params" time="0.000" /><testcase classname="statsmodels.regression.tests.test_quantile_regression.TestEpanechnikovHsheather" name="test_df_resid" time="0.000" /><testcase classname="statsmodels.regression.tests.test_quantile_regression.TestEpanechnikovHsheather" name="test_bse" time="0.000" /><testcase classname="statsmodels.regression.tests.test_quantile_regression.TestEpanechnikovHsheather" name="test_nobs" time="0.000" /><testcase classname="statsmodels.regression.tests.test_quantile_regression.TestEpanechnikovHsheather" name="test_sparsity" time="0.000" /><testcase classname="statsmodels.regression.tests.test_quantile_regression.TestEpanechnikovHsheather" name="test_bandwidth" time="0.000" /><testcase classname="statsmodels.regression.tests.test_quantile_regression.TestEpanechnikovHsheather" name="test_pvalues" time="0.000" /><testcase classname="statsmodels.regression.tests.test_quantile_regression.TestGaussianBofinger" name="test_conf_int" time="0.006" /><testcase classname="statsmodels.regression.tests.test_quantile_regression.TestGaussianBofinger" name="test_df_resid" time="0.000" /><testcase classname="statsmodels.regression.tests.test_quantile_regression.TestGaussianBofinger" name="test_df_model" time="0.000" /><testcase classname="statsmodels.regression.tests.test_quantile_regression.TestGaussianBofinger" name="test_nobs" time="0.000" /><testcase classname="statsmodels.regression.tests.test_quantile_regression.TestGaussianBofinger" name="test_pvalues" time="0.001" /><testcase classname="statsmodels.regression.tests.test_quantile_regression.TestGaussianBofinger" name="test_prsquared" time="0.000" /><testcase classname="statsmodels.regression.tests.test_quantile_regression.TestGaussianBofinger" name="test_bse" time="0.000" /><testcase classname="statsmodels.regression.tests.test_quantile_regression.TestGaussianBofinger" name="test_bandwidth" time="0.000" /><testcase classname="statsmodels.regression.tests.test_quantile_regression.TestGaussianBofinger" name="test_sparsity" time="0.000" /><testcase classname="statsmodels.regression.tests.test_quantile_regression.TestGaussianBofinger" name="test_tvalues" time="0.000" /><testcase classname="statsmodels.regression.tests.test_quantile_regression.TestGaussianBofinger" name="test_params" time="0.000" /><testcase classname="statsmodels.regression.tests.test_quantile_regression.TestCosineHsheather" name="test_bandwidth" time="0.006" /><testcase classname="statsmodels.regression.tests.test_quantile_regression.TestCosineHsheather" name="test_params" time="0.000" /><testcase classname="statsmodels.regression.tests.test_quantile_regression.TestCosineHsheather" name="test_df_resid" time="0.000" /><testcase classname="statsmodels.regression.tests.test_quantile_regression.TestCosineHsheather" name="test_conf_int" time="0.000" /><testcase classname="statsmodels.regression.tests.test_quantile_regression.TestCosineHsheather" name="test_pvalues" time="0.001" /><testcase classname="statsmodels.regression.tests.test_quantile_regression.TestCosineHsheather" name="test_df_model" time="0.000" /><testcase classname="statsmodels.regression.tests.test_quantile_regression.TestCosineHsheather" name="test_nobs" time="0.000" /><testcase classname="statsmodels.regression.tests.test_quantile_regression.TestCosineHsheather" name="test_tvalues" time="0.000" /><testcase classname="statsmodels.regression.tests.test_quantile_regression.TestCosineHsheather" name="test_bse" time="0.000" /><testcase classname="statsmodels.regression.tests.test_quantile_regression.TestCosineHsheather" name="test_prsquared" time="0.000" /><testcase classname="statsmodels.regression.tests.test_quantile_regression.TestCosineHsheather" name="test_sparsity" time="0.000" /><testcase classname="statsmodels.regression.tests.test_quantile_regression.TestEpanechnikovChamberlain" name="test_pvalues" time="0.006" /><testcase classname="statsmodels.regression.tests.test_quantile_regression.TestEpanechnikovChamberlain" name="test_prsquared" time="0.000" /><testcase classname="statsmodels.regression.tests.test_quantile_regression.TestEpanechnikovChamberlain" name="test_bse" time="0.000" /><testcase classname="statsmodels.regression.tests.test_quantile_regression.TestEpanechnikovChamberlain" name="test_params" time="0.000" /><testcase classname="statsmodels.regression.tests.test_quantile_regression.TestEpanechnikovChamberlain" name="test_conf_int" time="0.000" /><testcase classname="statsmodels.regression.tests.test_quantile_regression.TestEpanechnikovChamberlain" name="test_df_resid" time="0.000" /><testcase classname="statsmodels.regression.tests.test_quantile_regression.TestEpanechnikovChamberlain" name="test_df_model" time="0.000" /><testcase classname="statsmodels.regression.tests.test_quantile_regression.TestEpanechnikovChamberlain" name="test_nobs" time="0.000" /><testcase classname="statsmodels.regression.tests.test_quantile_regression.TestEpanechnikovChamberlain" name="test_sparsity" time="0.000" /><testcase classname="statsmodels.regression.tests.test_quantile_regression.TestEpanechnikovChamberlain" name="test_bandwidth" time="0.000" /><testcase classname="statsmodels.regression.tests.test_quantile_regression.TestEpanechnikovChamberlain" name="test_tvalues" time="0.000" /><testcase classname="statsmodels.regression.tests.test_quantile_regression.TestBiweightChamberlain" name="test_pvalues" time="0.006" /><testcase classname="statsmodels.regression.tests.test_quantile_regression.TestBiweightChamberlain" name="test_conf_int" time="0.000" /><testcase classname="statsmodels.regression.tests.test_quantile_regression.TestBiweightChamberlain" name="test_prsquared" time="0.000" /><testcase classname="statsmodels.regression.tests.test_quantile_regression.TestBiweightChamberlain" name="test_df_resid" time="0.000" /><testcase classname="statsmodels.regression.tests.test_quantile_regression.TestBiweightChamberlain" name="test_df_model" time="0.000" /><testcase classname="statsmodels.regression.tests.test_quantile_regression.TestBiweightChamberlain" name="test_bse" time="0.000" /><testcase classname="statsmodels.regression.tests.test_quantile_regression.TestBiweightChamberlain" name="test_bandwidth" time="0.000" /><testcase classname="statsmodels.regression.tests.test_quantile_regression.TestBiweightChamberlain" name="test_nobs" time="0.000" /><testcase classname="statsmodels.regression.tests.test_quantile_regression.TestBiweightChamberlain" name="test_params" time="0.000" /><testcase classname="statsmodels.regression.tests.test_quantile_regression.TestBiweightChamberlain" name="test_sparsity" time="0.000" /><testcase classname="statsmodels.regression.tests.test_quantile_regression.TestBiweightChamberlain" name="test_tvalues" time="0.000" /><testcase classname="statsmodels.regression.tests.test_glsar_stata.TestGLSARCorc" name="test_predicted" time="0.002" /><testcase classname="statsmodels.regression.tests.test_glsar_stata.TestGLSARCorc" name="test_params_table" time="0.000" /><testcase classname="statsmodels.regression.tests.test_glsar_stata.TestGLSARCorc" name="test_glsar_iter0" time="0.000" /><testcase classname="statsmodels.regression.tests.test_glsar_stata.TestGLSARCorc" name="test_glsar_arima" time="0.037" /><testcase classname="statsmodels.regression.tests.test_glsar_stata.TestGLSARCorc" name="test_rho" time="0.000" /><testcase classname="statsmodels.regression.tests.test_theil.TestTheil3" name="test_attributes" time="0.002" /><testcase classname="statsmodels.regression.tests.test_theil.TestTheilLinRestrictionApprox" name="test_attributes" time="0.001" /><testcase classname="statsmodels.regression.tests.test_theil.TestTheil2" name="test_attributes" time="0.001" /><testcase classname="statsmodels.regression.tests.test_theil.TestTheilPanel" name="test_regression" time="0.237" /><testcase classname="statsmodels.regression.tests.test_theil.TestTheilPanel" name="test_combine_subset_regression" time="0.001" /><testcase classname="statsmodels.regression.tests.test_theil.TestTheilTextile" name="test_basic" time="0.001" /><testcase classname="statsmodels.regression.tests.test_theil.TestTheilTextile" name="test_summary" time="0.001" /><testcase classname="statsmodels.regression.tests.test_theil.TestTheilTextile" name="test_other" time="0.000" /><testcase classname="statsmodels.regression.tests.test_theil.TestTheilTextile" name="test_no_penalization" time="0.000" /><testcase classname="statsmodels.regression.tests.test_theil.TestTheilGLS" name="test_attributes" time="0.001" /><testcase classname="statsmodels.regression.tests.test_theil.TestTheilLinRestriction" name="test_attributes" time="0.001" /><testcase classname="statsmodels.regression.tests.test_theil.TestTheil1" name="test_attributes" time="0.001" /><testcase classname="statsmodels.regression.tests.test_rolling" name="test_params_only[250-0-True-True-0.1-pinv]" time="0.006" /><testcase classname="statsmodels.regression.tests.test_rolling" name="test_params_only[250-0-True-True-0.1-inv]" time="0.003" /><testcase classname="statsmodels.regression.tests.test_rolling" name="test_methods[250-0-True-True-0.1-False]" time="0.009" /><testcase classname="statsmodels.regression.tests.test_rolling" name="test_expanding[250-0-True-True-0.1]" time="0.005" /><testcase classname="statsmodels.regression.tests.test_rolling" name="test_methods[250-0-True-True-0.1-True]" time="0.004" /><testcase classname="statsmodels.regression.tests.test_rolling" name="test_min_nobs[250-0-True-True-0.1]" time="0.005" /><testcase classname="statsmodels.regression.tests.test_rolling" name="test_params_only[250-0-True-True-0.1-lstsq]" time="0.005" /><testcase classname="statsmodels.regression.tests.test_rolling" name="test_against_wls_inference[250-0-True-True-0.1-True-nonrobust]" time="0.054" /><testcase classname="statsmodels.regression.tests.test_rolling" name="test_against_wls_inference[250-0-True-True-0.1-False-nonrobust]" time="0.052" /><testcase classname="statsmodels.regression.tests.test_rolling" name="test_raise[250-0-True-True-0.1]" time="0.004" /><testcase classname="statsmodels.regression.tests.test_rolling" name="test_against_wls_inference[250-0-True-True-0.1-None-HC0]" time="0.050" /><testcase classname="statsmodels.regression.tests.test_rolling" name="test_against_wls_inference[250-0-True-True-0.1-False-HC0]" time="0.050" /><testcase classname="statsmodels.regression.tests.test_rolling" name="test_against_wls_inference[250-0-True-True-0.1-None-nonrobust]" time="0.052" /><testcase classname="statsmodels.regression.tests.test_rolling" name="test_has_nan[250-0-True-True-0.1]" time="0.005" /><testcase classname="statsmodels.regression.tests.test_rolling" name="test_save_load[250-0-True-True-0.1]" time="0.005" /><testcase classname="statsmodels.regression.tests.test_rolling" name="test_against_wls_inference[250-0-True-True-0.1-True-HC0]" time="0.051" /><testcase classname="statsmodels.regression.tests.test_rolling" name="test_has_nan[250-3-False-False-0.1]" time="0.001" /><testcase classname="statsmodels.regression.tests.test_rolling" name="test_against_wls_inference[250-3-False-False-0.1-None-HC0]" time="0.048" /><testcase classname="statsmodels.regression.tests.test_rolling" name="test_against_wls_inference[250-3-False-False-0.1-False-nonrobust]" time="0.040" /><testcase classname="statsmodels.regression.tests.test_rolling" name="test_raise[250-3-False-False-0.1]" time="0.003" /><testcase classname="statsmodels.regression.tests.test_rolling" name="test_against_wls_inference[250-3-False-False-0.1-False-HC0]" time="0.047" /><testcase classname="statsmodels.regression.tests.test_rolling" name="test_against_wls_inference[250-3-False-False-0.1-True-nonrobust]" time="0.040" /><testcase classname="statsmodels.regression.tests.test_rolling" name="test_save_load[250-3-False-False-0.1]" time="0.004" /><testcase classname="statsmodels.regression.tests.test_rolling" name="test_against_wls_inference[250-3-False-False-0.1-True-HC0]" time="0.048" /><testcase classname="statsmodels.regression.tests.test_rolling" name="test_against_wls_inference[250-3-False-False-0.1-None-nonrobust]" time="0.040" /><testcase classname="statsmodels.regression.tests.test_rolling" name="test_expanding[250-3-False-False-0.1]" time="0.004" /><testcase classname="statsmodels.regression.tests.test_rolling" name="test_params_only[250-3-False-False-0.1-inv]" time="0.003" /><testcase classname="statsmodels.regression.tests.test_rolling" name="test_methods[250-3-False-False-0.1-False]" time="0.009" /><testcase classname="statsmodels.regression.tests.test_rolling" name="test_min_nobs[250-3-False-False-0.1]" time="0.004" /><testcase classname="statsmodels.regression.tests.test_rolling" name="test_params_only[250-3-False-False-0.1-pinv]" time="0.006" /><testcase classname="statsmodels.regression.tests.test_rolling" name="test_methods[250-3-False-False-0.1-True]" time="0.004" /><testcase classname="statsmodels.regression.tests.test_rolling" name="test_params_only[250-3-False-False-0.1-lstsq]" time="0.005" /><testcase classname="statsmodels.regression.tests.test_rolling" name="test_weighted_against_wls[250-3-True-True-0.1-True]" time="0.068" /><testcase classname="statsmodels.regression.tests.test_rolling" name="test_has_nan[250-0-True-True-0]" time="0.005" /><testcase classname="statsmodels.regression.tests.test_rolling" name="test_against_wls_inference[250-0-True-True-0-None-nonrobust]" time="0.052" /><testcase classname="statsmodels.regression.tests.test_rolling" name="test_raise[250-0-True-True-0]" time="0.003" /><testcase classname="statsmodels.regression.tests.test_rolling" name="test_against_wls_inference[250-0-True-True-0-True-HC0]" time="0.050" /><testcase classname="statsmodels.regression.tests.test_rolling" name="test_against_wls_inference[250-0-True-True-0-False-nonrobust]" time="0.051" /><testcase classname="statsmodels.regression.tests.test_rolling" name="test_against_wls_inference[250-0-True-True-0-False-HC0]" time="0.049" /><testcase classname="statsmodels.regression.tests.test_rolling" name="test_against_wls_inference[250-0-True-True-0-True-nonrobust]" time="0.051" /><testcase classname="statsmodels.regression.tests.test_rolling" name="test_save_load[250-0-True-True-0]" time="0.004" /><testcase classname="statsmodels.regression.tests.test_rolling" name="test_against_wls_inference[250-0-True-True-0-None-HC0]" time="0.050" /><testcase classname="statsmodels.regression.tests.test_rolling" name="test_against_wls_inference[250-3-False-True-0.1-False-nonrobust]" time="0.060" /><testcase classname="statsmodels.regression.tests.test_rolling" name="test_save_load[250-3-False-True-0.1]" time="0.004" /><testcase classname="statsmodels.regression.tests.test_rolling" name="test_raise[250-3-False-True-0.1]" time="0.004" /><testcase classname="statsmodels.regression.tests.test_rolling" name="test_against_wls_inference[250-3-False-True-0.1-True-nonrobust]" time="0.060" /><testcase classname="statsmodels.regression.tests.test_rolling" name="test_has_nan[250-3-False-True-0.1]" time="0.005" /><testcase classname="statsmodels.regression.tests.test_rolling" name="test_against_wls_inference[250-3-False-True-0.1-True-HC0]" time="0.071" /><testcase classname="statsmodels.regression.tests.test_rolling" name="test_against_wls_inference[250-3-False-True-0.1-None-nonrobust]" time="0.060" /><testcase classname="statsmodels.regression.tests.test_rolling" name="test_against_wls_inference[250-3-False-True-0.1-False-HC0]" time="0.067" /><testcase classname="statsmodels.regression.tests.test_rolling" name="test_against_wls_inference[250-3-False-True-0.1-None-HC0]" time="0.067" /><testcase classname="statsmodels.regression.tests.test_rolling" name="test_against_wls_inference[250-3-False-False-0-True-HC0]" time="0.048" /><testcase classname="statsmodels.regression.tests.test_rolling" name="test_raise[250-3-False-False-0]" time="0.003" /><testcase classname="statsmodels.regression.tests.test_rolling" name="test_against_wls_inference[250-3-False-False-0-None-nonrobust]" time="0.039" /><testcase classname="statsmodels.regression.tests.test_rolling" name="test_save_load[250-3-False-False-0]" time="0.004" /><testcase classname="statsmodels.regression.tests.test_rolling" name="test_against_wls_inference[250-3-False-False-0-None-HC0]" time="0.047" /><testcase classname="statsmodels.regression.tests.test_rolling" name="test_against_wls_inference[250-3-False-False-0-True-nonrobust]" time="0.039" /><testcase classname="statsmodels.regression.tests.test_rolling" name="test_against_wls_inference[250-3-False-False-0-False-HC0]" time="0.046" /><testcase classname="statsmodels.regression.tests.test_rolling" name="test_has_nan[250-3-False-False-0]" time="0.001" /><testcase classname="statsmodels.regression.tests.test_rolling" name="test_against_wls_inference[250-3-False-False-0-False-nonrobust]" time="0.039" /><testcase classname="statsmodels.regression.tests.test_rolling" name="test_params_only[250-3-True-True-0-pinv]" time="0.006" /><testcase classname="statsmodels.regression.tests.test_rolling" name="test_expanding[250-3-True-True-0]" time="0.004" /><testcase classname="statsmodels.regression.tests.test_rolling" name="test_methods[250-3-True-True-0-False]" time="0.009" /><testcase classname="statsmodels.regression.tests.test_rolling" name="test_params_only[250-3-True-True-0-lstsq]" time="0.005" /><testcase classname="statsmodels.regression.tests.test_rolling" name="test_min_nobs[250-3-True-True-0]" time="0.000" /><testcase classname="statsmodels.regression.tests.test_rolling" name="test_params_only[250-3-True-True-0-inv]" time="0.003" /><testcase classname="statsmodels.regression.tests.test_rolling" name="test_methods[250-3-True-True-0-True]" time="0.005" /><testcase classname="statsmodels.regression.tests.test_rolling" name="test_methods[250-3-True-False-0.1-False]" time="0.009" /><testcase classname="statsmodels.regression.tests.test_rolling" name="test_expanding[250-3-True-False-0.1]" time="0.004" /><testcase classname="statsmodels.regression.tests.test_rolling" name="test_params_only[250-3-True-False-0.1-pinv]" time="0.006" /><testcase classname="statsmodels.regression.tests.test_rolling" name="test_methods[250-3-True-False-0.1-True]" time="0.004" /><testcase classname="statsmodels.regression.tests.test_rolling" name="test_params_only[250-3-True-False-0.1-inv]" time="0.003" /><testcase classname="statsmodels.regression.tests.test_rolling" name="test_params_only[250-3-True-False-0.1-lstsq]" time="0.005" /><testcase classname="statsmodels.regression.tests.test_rolling" name="test_min_nobs[250-3-True-False-0.1]" time="0.004" /><testcase classname="statsmodels.regression.tests.test_rolling" name="test_against_wls_inference[250-0-True-False-0.1-False-nonrobust]" time="0.033" /><testcase classname="statsmodels.regression.tests.test_rolling" name="test_against_wls_inference[250-0-True-False-0.1-True-HC0]" time="0.032" /><testcase classname="statsmodels.regression.tests.test_rolling" name="test_raise[250-0-True-False-0.1]" time="0.003" /><testcase classname="statsmodels.regression.tests.test_rolling" name="test_against_wls_inference[250-0-True-False-0.1-True-nonrobust]" time="0.033" /><testcase classname="statsmodels.regression.tests.test_rolling" name="test_save_load[250-0-True-False-0.1]" time="0.004" /><testcase classname="statsmodels.regression.tests.test_rolling" name="test_has_nan[250-0-True-False-0.1]" time="0.000" /><testcase classname="statsmodels.regression.tests.test_rolling" name="test_against_wls_inference[250-0-True-False-0.1-False-HC0]" time="0.031" /><testcase classname="statsmodels.regression.tests.test_rolling" name="test_against_wls_inference[250-0-True-False-0.1-None-HC0]" time="0.031" /><testcase classname="statsmodels.regression.tests.test_rolling" name="test_against_wls_inference[250-0-True-False-0.1-None-nonrobust]" time="0.033" /><testcase classname="statsmodels.regression.tests.test_rolling" name="test_params_only[250-3-False-True-0.1-inv]" time="0.003" /><testcase classname="statsmodels.regression.tests.test_rolling" name="test_expanding[250-3-False-True-0.1]" time="0.004" /><testcase classname="statsmodels.regression.tests.test_rolling" name="test_methods[250-3-False-True-0.1-False]" time="0.009" /><testcase classname="statsmodels.regression.tests.test_rolling" name="test_params_only[250-3-False-True-0.1-lstsq]" time="0.005" /><testcase classname="statsmodels.regression.tests.test_rolling" name="test_params_only[250-3-False-True-0.1-pinv]" time="0.006" /><testcase classname="statsmodels.regression.tests.test_rolling" name="test_methods[250-3-False-True-0.1-True]" time="0.004" /><testcase classname="statsmodels.regression.tests.test_rolling" name="test_min_nobs[250-3-False-True-0.1]" time="0.005" /><testcase classname="statsmodels.regression.tests.test_rolling" name="test_against_wls_inference[250-3-True-True-0.1-True-nonrobust]" time="0.060" /><testcase classname="statsmodels.regression.tests.test_rolling" name="test_raise[250-3-True-True-0.1]" time="0.004" /><testcase classname="statsmodels.regression.tests.test_rolling" name="test_against_wls_inference[250-3-True-True-0.1-None-HC0]" time="0.065" /><testcase classname="statsmodels.regression.tests.test_rolling" name="test_against_wls_inference[250-3-True-True-0.1-False-HC0]" time="0.065" /><testcase classname="statsmodels.regression.tests.test_rolling" name="test_has_nan[250-3-True-True-0.1]" time="0.005" /><testcase classname="statsmodels.regression.tests.test_rolling" name="test_against_wls_inference[250-3-True-True-0.1-None-nonrobust]" time="0.058" /><testcase classname="statsmodels.regression.tests.test_rolling" name="test_against_wls_inference[250-3-True-True-0.1-True-HC0]" time="0.075" /><testcase classname="statsmodels.regression.tests.test_rolling" name="test_against_wls_inference[250-3-True-True-0.1-False-nonrobust]" time="0.058" /><testcase classname="statsmodels.regression.tests.test_rolling" name="test_save_load[250-3-True-True-0.1]" time="0.005" /><testcase classname="statsmodels.regression.tests.test_rolling" name="test_methods[250-0-True-True-0-True]" time="0.004" /><testcase classname="statsmodels.regression.tests.test_rolling" name="test_expanding[250-0-True-True-0]" time="0.004" /><testcase classname="statsmodels.regression.tests.test_rolling" name="test_params_only[250-0-True-True-0-inv]" time="0.003" /><testcase classname="statsmodels.regression.tests.test_rolling" name="test_methods[250-0-True-True-0-False]" time="0.008" /><testcase classname="statsmodels.regression.tests.test_rolling" name="test_params_only[250-0-True-True-0-pinv]" time="0.006" /><testcase classname="statsmodels.regression.tests.test_rolling" name="test_min_nobs[250-0-True-True-0]" time="0.000" /><testcase classname="statsmodels.regression.tests.test_rolling" name="test_params_only[250-0-True-True-0-lstsq]" time="0.004" /><testcase classname="statsmodels.regression.tests.test_rolling" name="test_raise[250-3-True-False-0.1]" time="0.004" /><testcase classname="statsmodels.regression.tests.test_rolling" name="test_save_load[250-3-True-False-0.1]" time="0.004" /><testcase classname="statsmodels.regression.tests.test_rolling" name="test_against_wls_inference[250-3-True-False-0.1-None-nonrobust]" time="0.039" /><testcase classname="statsmodels.regression.tests.test_rolling" name="test_has_nan[250-3-True-False-0.1]" time="0.000" /><testcase classname="statsmodels.regression.tests.test_rolling" name="test_against_wls_inference[250-3-True-False-0.1-False-HC0]" time="0.046" /><testcase classname="statsmodels.regression.tests.test_rolling" name="test_against_wls_inference[250-3-True-False-0.1-False-nonrobust]" time="0.038" /><testcase classname="statsmodels.regression.tests.test_rolling" name="test_against_wls_inference[250-3-True-False-0.1-None-HC0]" time="0.046" /><testcase classname="statsmodels.regression.tests.test_rolling" name="test_against_wls_inference[250-3-True-False-0.1-True-nonrobust]" time="0.039" /><testcase classname="statsmodels.regression.tests.test_rolling" name="test_against_wls_inference[250-3-True-False-0.1-True-HC0]" time="0.046" /><testcase classname="statsmodels.regression.tests.test_rolling" name="test_weighted_against_wls[250-0-True-True-0.1-False]" time="0.066" /><testcase classname="statsmodels.regression.tests.test_rolling" name="test_methods[250-3-True-True-0.1-True]" time="0.005" /><testcase classname="statsmodels.regression.tests.test_rolling" name="test_expanding[250-3-True-True-0.1]" time="0.004" /><testcase classname="statsmodels.regression.tests.test_rolling" name="test_methods[250-3-True-True-0.1-False]" time="0.010" /><testcase classname="statsmodels.regression.tests.test_rolling" name="test_params_only[250-3-True-True-0.1-pinv]" time="0.006" /><testcase classname="statsmodels.regression.tests.test_rolling" name="test_min_nobs[250-3-True-True-0.1]" time="0.005" /><testcase classname="statsmodels.regression.tests.test_rolling" name="test_params_only[250-3-True-True-0.1-inv]" time="0.003" /><testcase classname="statsmodels.regression.tests.test_rolling" name="test_params_only[250-3-True-True-0.1-lstsq]" time="0.005" /><testcase classname="statsmodels.regression.tests.test_rolling" name="test_against_wls_inference[250-3-False-True-0-False-nonrobust]" time="0.059" /><testcase classname="statsmodels.regression.tests.test_rolling" name="test_save_load[250-3-False-True-0]" time="0.004" /><testcase classname="statsmodels.regression.tests.test_rolling" name="test_against_wls_inference[250-3-False-True-0-True-HC0]" time="0.067" /><testcase classname="statsmodels.regression.tests.test_rolling" name="test_has_nan[250-3-False-True-0]" time="0.005" /><testcase classname="statsmodels.regression.tests.test_rolling" name="test_against_wls_inference[250-3-False-True-0-None-nonrobust]" time="0.059" /><testcase classname="statsmodels.regression.tests.test_rolling" name="test_raise[250-3-False-True-0]" time="0.003" /><testcase classname="statsmodels.regression.tests.test_rolling" name="test_against_wls_inference[250-3-False-True-0-True-nonrobust]" time="0.059" /><testcase classname="statsmodels.regression.tests.test_rolling" name="test_against_wls_inference[250-3-False-True-0-None-HC0]" time="0.066" /><testcase classname="statsmodels.regression.tests.test_rolling" name="test_against_wls_inference[250-3-False-True-0-False-HC0]" time="0.066" /><testcase classname="statsmodels.regression.tests.test_rolling" name="test_weighted_against_wls[250-3-False-False-0-False]" time="0.051" /><testcase classname="statsmodels.regression.tests.test_rolling" name="test_raise[250-3-True-True-0]" time="0.003" /><testcase classname="statsmodels.regression.tests.test_rolling" name="test_against_wls_inference[250-3-True-True-0-False-HC0]" time="0.064" /><testcase classname="statsmodels.regression.tests.test_rolling" name="test_against_wls_inference[250-3-True-True-0-True-HC0]" time="0.064" /><testcase classname="statsmodels.regression.tests.test_rolling" name="test_against_wls_inference[250-3-True-True-0-True-nonrobust]" time="0.057" /><testcase classname="statsmodels.regression.tests.test_rolling" name="test_against_wls_inference[250-3-True-True-0-False-nonrobust]" time="0.057" /><testcase classname="statsmodels.regression.tests.test_rolling" name="test_has_nan[250-3-True-True-0]" time="0.005" /><testcase classname="statsmodels.regression.tests.test_rolling" name="test_against_wls_inference[250-3-True-True-0-None-nonrobust]" time="0.057" /><testcase classname="statsmodels.regression.tests.test_rolling" name="test_against_wls_inference[250-3-True-True-0-None-HC0]" time="0.064" /><testcase classname="statsmodels.regression.tests.test_rolling" name="test_save_load[250-3-True-True-0]" time="0.004" /><testcase classname="statsmodels.regression.tests.test_rolling" name="test_params_only[250-3-False-True-0-pinv]" time="0.006" /><testcase classname="statsmodels.regression.tests.test_rolling" name="test_params_only[250-3-False-True-0-inv]" time="0.003" /><testcase classname="statsmodels.regression.tests.test_rolling" name="test_methods[250-3-False-True-0-False]" time="0.008" /><testcase classname="statsmodels.regression.tests.test_rolling" name="test_expanding[250-3-False-True-0]" time="0.004" /><testcase classname="statsmodels.regression.tests.test_rolling" name="test_methods[250-3-False-True-0-True]" time="0.004" /><testcase classname="statsmodels.regression.tests.test_rolling" name="test_min_nobs[250-3-False-True-0]" time="0.000" /><testcase classname="statsmodels.regression.tests.test_rolling" name="test_params_only[250-3-False-True-0-lstsq]" time="0.005" /><testcase classname="statsmodels.regression.tests.test_rolling" name="test_weighted_against_wls[250-3-True-True-0.1-False]" time="0.065" /><testcase classname="statsmodels.regression.tests.test_rolling" name="test_weighted_against_wls[250-3-False-False-0-True]" time="0.051" /><testcase classname="statsmodels.regression.tests.test_rolling" name="test_against_wls_inference[250-0-True-False-0-None-nonrobust]" time="0.032" /><testcase classname="statsmodels.regression.tests.test_rolling" name="test_against_wls_inference[250-0-True-False-0-None-HC0]" time="0.031" /><testcase classname="statsmodels.regression.tests.test_rolling" name="test_against_wls_inference[250-0-True-False-0-False-HC0]" time="0.031" /><testcase classname="statsmodels.regression.tests.test_rolling" name="test_against_wls_inference[250-0-True-False-0-True-HC0]" time="0.033" /><testcase classname="statsmodels.regression.tests.test_rolling" name="test_against_wls_inference[250-0-True-False-0-True-nonrobust]" time="0.032" /><testcase classname="statsmodels.regression.tests.test_rolling" name="test_raise[250-0-True-False-0]" time="0.003" /><testcase classname="statsmodels.regression.tests.test_rolling" name="test_has_nan[250-0-True-False-0]" time="0.001" /><testcase classname="statsmodels.regression.tests.test_rolling" name="test_against_wls_inference[250-0-True-False-0-False-nonrobust]" time="0.031" /><testcase classname="statsmodels.regression.tests.test_rolling" name="test_save_load[250-0-True-False-0]" time="0.004" /><testcase classname="statsmodels.regression.tests.test_rolling" name="test_methods[250-3-False-False-0-False]" time="0.009" /><testcase classname="statsmodels.regression.tests.test_rolling" name="test_methods[250-3-False-False-0-True]" time="0.004" /><testcase classname="statsmodels.regression.tests.test_rolling" name="test_params_only[250-3-False-False-0-pinv]" time="0.005" /><testcase classname="statsmodels.regression.tests.test_rolling" name="test_expanding[250-3-False-False-0]" time="0.004" /><testcase classname="statsmodels.regression.tests.test_rolling" name="test_params_only[250-3-False-False-0-inv]" time="0.003" /><testcase classname="statsmodels.regression.tests.test_rolling" name="test_min_nobs[250-3-False-False-0]" time="0.000" /><testcase classname="statsmodels.regression.tests.test_rolling" name="test_params_only[250-3-False-False-0-lstsq]" time="0.004" /><testcase classname="statsmodels.regression.tests.test_rolling" name="test_params_only[250-0-True-False-0-lstsq]" time="0.004" /><testcase classname="statsmodels.regression.tests.test_rolling" name="test_min_nobs[250-0-True-False-0]" time="0.000" /><testcase classname="statsmodels.regression.tests.test_rolling" name="test_params_only[250-0-True-False-0-pinv]" time="0.005" /><testcase classname="statsmodels.regression.tests.test_rolling" name="test_expanding[250-0-True-False-0]" time="0.004" /><testcase classname="statsmodels.regression.tests.test_rolling" name="test_methods[250-0-True-False-0-False]" time="0.007" /><testcase classname="statsmodels.regression.tests.test_rolling" name="test_methods[250-0-True-False-0-True]" time="0.003" /><testcase classname="statsmodels.regression.tests.test_rolling" name="test_params_only[250-0-True-False-0-inv]" time="0.002" /><testcase classname="statsmodels.regression.tests.test_rolling" name="test_weighted_against_wls[250-0-True-True-0-True]" time="0.064" /><testcase classname="statsmodels.regression.tests.test_rolling" name="test_weighted_against_wls[250-3-True-True-0-False]" time="0.063" /><testcase classname="statsmodels.regression.tests.test_rolling" name="test_params_only[250-3-True-False-0-lstsq]" time="0.004" /><testcase classname="statsmodels.regression.tests.test_rolling" name="test_methods[250-3-True-False-0-True]" time="0.004" /><testcase classname="statsmodels.regression.tests.test_rolling" name="test_min_nobs[250-3-True-False-0]" time="0.000" /><testcase classname="statsmodels.regression.tests.test_rolling" name="test_params_only[250-3-True-False-0-inv]" time="0.003" /><testcase classname="statsmodels.regression.tests.test_rolling" name="test_expanding[250-3-True-False-0]" time="0.004" /><testcase classname="statsmodels.regression.tests.test_rolling" name="test_methods[250-3-True-False-0-False]" time="0.009" /><testcase classname="statsmodels.regression.tests.test_rolling" name="test_params_only[250-3-True-False-0-pinv]" time="0.006" /><testcase classname="statsmodels.regression.tests.test_rolling" name="test_params_only[250-0-True-False-0.1-pinv]" time="0.005" /><testcase classname="statsmodels.regression.tests.test_rolling" name="test_expanding[250-0-True-False-0.1]" time="0.004" /><testcase classname="statsmodels.regression.tests.test_rolling" name="test_methods[250-0-True-False-0.1-True]" time="0.003" /><testcase classname="statsmodels.regression.tests.test_rolling" name="test_methods[250-0-True-False-0.1-False]" time="0.008" /><testcase classname="statsmodels.regression.tests.test_rolling" name="test_params_only[250-0-True-False-0.1-lstsq]" time="0.004" /><testcase classname="statsmodels.regression.tests.test_rolling" name="test_min_nobs[250-0-True-False-0.1]" time="0.004" /><testcase classname="statsmodels.regression.tests.test_rolling" name="test_params_only[250-0-True-False-0.1-inv]" time="0.003" /><testcase classname="statsmodels.regression.tests.test_rolling" name="test_weighted_against_wls[250-3-False-True-0-False]" time="0.067" /><testcase classname="statsmodels.regression.tests.test_rolling" name="test_weighted_against_wls[250-0-True-False-0.1-True]" time="0.047" /><testcase classname="statsmodels.regression.tests.test_rolling" name="test_weighted_against_wls[250-3-True-False-0-True]" time="0.049" /><testcase classname="statsmodels.regression.tests.test_rolling" name="test_against_wls_inference[250-3-True-False-0-False-HC0]" time="0.046" /><testcase classname="statsmodels.regression.tests.test_rolling" name="test_against_wls_inference[250-3-True-False-0-None-HC0]" time="0.045" /><testcase classname="statsmodels.regression.tests.test_rolling" name="test_against_wls_inference[250-3-True-False-0-None-nonrobust]" time="0.038" /><testcase classname="statsmodels.regression.tests.test_rolling" name="test_raise[250-3-True-False-0]" time="0.003" /><testcase classname="statsmodels.regression.tests.test_rolling" name="test_has_nan[250-3-True-False-0]" time="0.001" /><testcase classname="statsmodels.regression.tests.test_rolling" name="test_against_wls_inference[250-3-True-False-0-True-HC0]" time="0.045" /><testcase classname="statsmodels.regression.tests.test_rolling" name="test_save_load[250-3-True-False-0]" time="0.004" /><testcase classname="statsmodels.regression.tests.test_rolling" name="test_against_wls_inference[250-3-True-False-0-False-nonrobust]" time="0.037" /><testcase classname="statsmodels.regression.tests.test_rolling" name="test_against_wls_inference[250-3-True-False-0-True-nonrobust]" time="0.038" /><testcase classname="statsmodels.regression.tests.test_rolling" name="test_weighted_against_wls[250-3-True-False-0.1-True]" time="0.049" /><testcase classname="statsmodels.regression.tests.test_rolling" name="test_weighted_against_wls[250-0-True-True-0.1-True]" time="0.065" /><testcase classname="statsmodels.regression.tests.test_rolling" name="test_weighted_against_wls[250-3-False-False-0.1-True]" time="0.052" /><testcase classname="statsmodels.regression.tests.test_rolling" name="test_weighted_against_wls[250-3-False-True-0-True]" time="0.068" /><testcase classname="statsmodels.regression.tests.test_rolling" name="test_weighted_against_wls[250-0-True-False-0-False]" time="0.047" /><testcase classname="statsmodels.regression.tests.test_rolling" name="test_weighted_against_wls[250-0-True-True-0-False]" time="0.062" /><testcase classname="statsmodels.regression.tests.test_rolling" name="test_weighted_against_wls[250-0-True-False-0.1-False]" time="0.048" /><testcase classname="statsmodels.regression.tests.test_rolling" name="test_weighted_against_wls[250-3-True-True-0-True]" time="0.066" /><testcase classname="statsmodels.regression.tests.test_rolling" name="test_error" time="0.001" /><testcase classname="statsmodels.regression.tests.test_rolling" name="test_weighted_against_wls[250-3-False-True-0.1-False]" time="0.067" /><testcase classname="statsmodels.regression.tests.test_rolling" name="test_formula" time="0.011" /><testcase classname="statsmodels.regression.tests.test_rolling" name="test_weighted_against_wls[250-3-False-True-0.1-True]" time="0.069" /><testcase classname="statsmodels.regression.tests.test_rolling" name="test_weighted_against_wls[250-3-False-False-0.1-False]" time="0.052" /><testcase classname="statsmodels.regression.tests.test_rolling" name="test_weighted_against_wls[250-3-True-False-0.1-False]" time="0.049" /><testcase classname="statsmodels.regression.tests.test_rolling" name="test_weighted_against_wls[250-3-True-False-0-False]" time="0.048" /><testcase classname="statsmodels.regression.tests.test_rolling" name="test_plot" time="0.439" /><testcase classname="statsmodels.regression.tests.test_rolling" name="test_weighted_against_wls[250-0-True-False-0-True]" time="0.047" /><testcase classname="statsmodels.regression.tests.test_robustcov.TestOLSRobust3" name="test_basic" time="0.001" /><testcase classname="statsmodels.regression.tests.test_robustcov.TestOLSRobust3" name="test_t_test_summary" time="0.000" /><testcase classname="statsmodels.regression.tests.test_robustcov.TestOLSRobust3" name="test_tests" time="0.000" /><testcase classname="statsmodels.regression.tests.test_robustcov.TestOLSRobust3" name="test_t_test_summary_frame" time="0.000" /><testcase classname="statsmodels.regression.tests.test_robustcov.TestOLSRobust3" name="test_f_test_summary" time="0.000" /><testcase classname="statsmodels.regression.tests.test_robustcov.TestOLSRobust3" name="test_qr_equiv" time="0.000" /><testcase classname="statsmodels.regression.tests.test_robustcov.TestOLSRobustHACSmallNew" name="test_summary" time="0.002" /><testcase classname="statsmodels.regression.tests.test_robustcov.TestOLSRobustHACSmallNew" name="test_ttest" time="0.000" /><testcase classname="statsmodels.regression.tests.test_robustcov.TestOLSRobustHACSmallNew" name="test_tests" time="0.000" /><testcase classname="statsmodels.regression.tests.test_robustcov.TestOLSRobustHACSmallNew" name="test_t_test_summary" time="0.000" /><testcase classname="statsmodels.regression.tests.test_robustcov.TestOLSRobustHACSmallNew" name="test_compare" time="0.000" /><testcase classname="statsmodels.regression.tests.test_robustcov.TestOLSRobustHACSmallNew" name="test_qr_equiv" time="0.000" /><testcase classname="statsmodels.regression.tests.test_robustcov.TestOLSRobustHACSmallNew" name="test_basic" time="0.000" /><testcase classname="statsmodels.regression.tests.test_robustcov.TestOLSRobustHACSmallNew" name="test_confint" time="0.000" /><testcase classname="statsmodels.regression.tests.test_robustcov.TestOLSRobustHACSmallNew" name="test_f_test_summary" time="0.000" /><testcase classname="statsmodels.regression.tests.test_robustcov.TestOLSRobustHACSmallNew" name="test_scale" time="0.000" /><testcase classname="statsmodels.regression.tests.test_robustcov.TestOLSRobustHACSmallNew" name="test_fvalue" time="0.000" /><testcase classname="statsmodels.regression.tests.test_robustcov.TestOLSRobustHACSmallNew" name="test_t_test_summary_frame" time="0.001" /><testcase classname="statsmodels.regression.tests.test_robustcov.TestOLSRobustCluster2Input" name="test_compare" time="0.003" /><testcase classname="statsmodels.regression.tests.test_robustcov.TestOLSRobustCluster2Input" name="test_fvalue" time="0.000" /><testcase classname="statsmodels.regression.tests.test_robustcov.TestOLSRobustCluster2Input" name="test_tests" time="0.000" /><testcase classname="statsmodels.regression.tests.test_robustcov.TestOLSRobustCluster2Input" name="test_ttest" time="0.000" /><testcase classname="statsmodels.regression.tests.test_robustcov.TestOLSRobustCluster2Input" name="test_summary" time="0.001" /><testcase classname="statsmodels.regression.tests.test_robustcov.TestOLSRobustCluster2Input" name="test_t_test_summary" time="0.000" /><testcase classname="statsmodels.regression.tests.test_robustcov.TestOLSRobustCluster2Input" name="test_2way_dataframe" time="0.000" /><testcase classname="statsmodels.regression.tests.test_robustcov.TestOLSRobustCluster2Input" name="test_basic" time="0.000" /><testcase classname="statsmodels.regression.tests.test_robustcov.TestOLSRobustCluster2Input" name="test_confint" time="0.000" /><testcase classname="statsmodels.regression.tests.test_robustcov.TestOLSRobustCluster2Input" name="test_t_test_summary_frame" time="0.000" /><testcase classname="statsmodels.regression.tests.test_robustcov.TestOLSRobustCluster2Input" name="test_too_many_groups" time="0.000" /><testcase classname="statsmodels.regression.tests.test_robustcov.TestOLSRobustCluster2Input" name="test_scale" time="0.000" /><testcase classname="statsmodels.regression.tests.test_robustcov.TestOLSRobustCluster2Input" name="test_f_test_summary" time="0.000" /><testcase classname="statsmodels.regression.tests.test_robustcov.TestOLSRobustCluster2" name="test_fvalue" time="0.002" /><testcase classname="statsmodels.regression.tests.test_robustcov.TestOLSRobustCluster2" name="test_confint" time="0.000" /><testcase classname="statsmodels.regression.tests.test_robustcov.TestOLSRobustCluster2" name="test_scale" time="0.000" /><testcase classname="statsmodels.regression.tests.test_robustcov.TestOLSRobustCluster2" name="test_basic" time="0.000" /><testcase classname="statsmodels.regression.tests.test_robustcov.TestOLSRobustCluster2" name="test_t_test_summary" time="0.000" /><testcase classname="statsmodels.regression.tests.test_robustcov.TestOLSRobustCluster2" name="test_t_test_summary_frame" time="0.000" /><testcase classname="statsmodels.regression.tests.test_robustcov.TestOLSRobustCluster2" name="test_compare" time="0.000" /><testcase classname="statsmodels.regression.tests.test_robustcov.TestOLSRobustCluster2" name="test_tests" time="0.000" /><testcase classname="statsmodels.regression.tests.test_robustcov.TestOLSRobustCluster2" name="test_ttest" time="0.000" /><testcase classname="statsmodels.regression.tests.test_robustcov.TestOLSRobustCluster2" name="test_summary" time="0.001" /><testcase classname="statsmodels.regression.tests.test_robustcov.TestOLSRobustCluster2" name="test_f_test_summary" time="0.000" /><testcase classname="statsmodels.regression.tests.test_robustcov.TestWLSRobustSmall" name="test_summary" time="0.003" /><testcase classname="statsmodels.regression.tests.test_robustcov.TestWLSRobustSmall" name="test_basic" time="0.000" /><testcase classname="statsmodels.regression.tests.test_robustcov.TestWLSRobustSmall" name="test_f_test_summary" time="0.000" /><testcase classname="statsmodels.regression.tests.test_robustcov.TestWLSRobustSmall" name="test_scale" time="0.000" /><testcase classname="statsmodels.regression.tests.test_robustcov.TestWLSRobustSmall" name="test_fvalue" time="0.000"><skipped type="pytest.skip" message="TODO: document why this test is skipped">/Users/baburini/Documents/Projects/statsmodels_x13/statsmodels/regression/tests/test_robustcov.py:196: TODO: document why this test is skipped</skipped></testcase><testcase classname="statsmodels.regression.tests.test_robustcov.TestWLSRobustSmall" name="test_compare" time="0.000" /><testcase classname="statsmodels.regression.tests.test_robustcov.TestWLSRobustSmall" name="test_ttest" time="0.000" /><testcase classname="statsmodels.regression.tests.test_robustcov.TestWLSRobustSmall" name="test_tests" time="0.000" /><testcase classname="statsmodels.regression.tests.test_robustcov.TestWLSRobustSmall" name="test_t_test_summary" time="0.000" /><testcase classname="statsmodels.regression.tests.test_robustcov.TestWLSRobustSmall" name="test_t_test_summary_frame" time="0.000" /><testcase classname="statsmodels.regression.tests.test_robustcov.TestWLSRobustSmall" name="test_confint" time="0.000" /><testcase classname="statsmodels.regression.tests.test_robustcov.TestOLSRobustCluster2GLarge" name="test_summary" time="0.003" /><testcase classname="statsmodels.regression.tests.test_robustcov.TestOLSRobustCluster2GLarge" name="test_fvalue" time="0.000"><skipped type="pytest.skip" message="TODO: document why this test is skipped">/Users/baburini/Documents/Projects/statsmodels_x13/statsmodels/regression/tests/test_robustcov.py:196: TODO: document why this test is skipped</skipped></testcase><testcase classname="statsmodels.regression.tests.test_robustcov.TestOLSRobustCluster2GLarge" name="test_compare" time="0.000" /><testcase classname="statsmodels.regression.tests.test_robustcov.TestOLSRobustCluster2GLarge" name="test_ttest" time="0.001" /><testcase classname="statsmodels.regression.tests.test_robustcov.TestOLSRobustCluster2GLarge" name="test_f_test_summary" time="0.000" /><testcase classname="statsmodels.regression.tests.test_robustcov.TestOLSRobustCluster2GLarge" name="test_t_test_summary_frame" time="0.001" /><testcase classname="statsmodels.regression.tests.test_robustcov.TestOLSRobustCluster2GLarge" name="test_tests" time="0.001" /><testcase classname="statsmodels.regression.tests.test_robustcov.TestOLSRobustCluster2GLarge" name="test_scale" time="0.000" /><testcase classname="statsmodels.regression.tests.test_robustcov.TestOLSRobustCluster2GLarge" name="test_t_test_summary" time="0.000" /><testcase classname="statsmodels.regression.tests.test_robustcov.TestOLSRobustCluster2GLarge" name="test_confint" time="0.000" /><testcase classname="statsmodels.regression.tests.test_robustcov.TestOLSRobustCluster2GLarge" name="test_basic" time="0.000" /><testcase classname="statsmodels.regression.tests.test_robustcov.TestOLSRobustHacLarge" name="test_basic" time="0.001" /><testcase classname="statsmodels.regression.tests.test_robustcov.TestOLSRobustHacLarge" name="test_f_test_summary" time="0.000" /><testcase classname="statsmodels.regression.tests.test_robustcov.TestOLSRobustHacLarge" name="test_t_test_summary_frame" time="0.000" /><testcase classname="statsmodels.regression.tests.test_robustcov.TestOLSRobustHacLarge" name="test_qr_equiv" time="0.000" /><testcase classname="statsmodels.regression.tests.test_robustcov.TestOLSRobustHacLarge" name="test_tests" time="0.000" /><testcase classname="statsmodels.regression.tests.test_robustcov.TestOLSRobustHacLarge" name="test_t_test_summary" time="0.000" /><testcase classname="statsmodels.regression.tests.test_robustcov.TestOLSRobust2LargeNew" name="test_t_test_summary" time="0.001" /><testcase classname="statsmodels.regression.tests.test_robustcov.TestOLSRobust2LargeNew" name="test_confint" time="0.000"><skipped type="pytest.skip" message="not refactored yet for `large`">/Users/baburini/Documents/Projects/statsmodels_x13/statsmodels/regression/tests/test_robustcov.py:343: not refactored yet for `large`</skipped></testcase><testcase classname="statsmodels.regression.tests.test_robustcov.TestOLSRobust2LargeNew" name="test_basic" time="0.000" /><testcase classname="statsmodels.regression.tests.test_robustcov.TestOLSRobust2LargeNew" name="test_fvalue" time="0.000"><skipped type="pytest.skip" message="not refactored yet for `large`">/Users/baburini/Documents/Projects/statsmodels_x13/statsmodels/regression/tests/test_robustcov.py:339: not refactored yet for `large`</skipped></testcase><testcase classname="statsmodels.regression.tests.test_robustcov.TestOLSRobust2LargeNew" name="test_scale" time="0.000" /><testcase classname="statsmodels.regression.tests.test_robustcov.TestOLSRobust2LargeNew" name="test_qr_equiv" time="0.000" /><testcase classname="statsmodels.regression.tests.test_robustcov.TestOLSRobust2LargeNew" name="test_f_test_summary" time="0.000" /><testcase classname="statsmodels.regression.tests.test_robustcov.TestOLSRobust2LargeNew" name="test_compare" time="0.000" /><testcase classname="statsmodels.regression.tests.test_robustcov.TestOLSRobust2LargeNew" name="test_ttest" time="0.000" /><testcase classname="statsmodels.regression.tests.test_robustcov.TestOLSRobust2LargeNew" name="test_t_test_summary_frame" time="0.000" /><testcase classname="statsmodels.regression.tests.test_robustcov.TestOLSRobust2LargeNew" name="test_tests" time="0.000" /><testcase classname="statsmodels.regression.tests.test_robustcov.TestOLSRobust2LargeNew" name="test_summary" time="0.001" /><testcase classname="statsmodels.regression.tests.test_robustcov.TestOLSRobust2" name="test_t_test_summary" time="0.001" /><testcase classname="statsmodels.regression.tests.test_robustcov.TestOLSRobust2" name="test_tests" time="0.000" /><testcase classname="statsmodels.regression.tests.test_robustcov.TestOLSRobust2" name="test_qr_equiv" time="0.000" /><testcase classname="statsmodels.regression.tests.test_robustcov.TestOLSRobust2" name="test_f_test_summary" time="0.000" /><testcase classname="statsmodels.regression.tests.test_robustcov.TestOLSRobust2" name="test_t_test_summary_frame" time="0.000" /><testcase classname="statsmodels.regression.tests.test_robustcov.TestOLSRobust2" name="test_basic" time="0.000" /><testcase classname="statsmodels.regression.tests.test_robustcov" name="test_cov_type_fixed_scale" time="0.000" /><testcase classname="statsmodels.regression.tests.test_robustcov" name="test_qr_equiv[cov_info3]" time="0.001" /><testcase classname="statsmodels.regression.tests.test_robustcov" name="test_qr_equiv[cov_info2]" time="0.000" /><testcase classname="statsmodels.regression.tests.test_robustcov" name="test_qr_equiv[cov_info0]" time="0.000" /><testcase classname="statsmodels.regression.tests.test_robustcov" name="test_qr_equiv[cov_info1]" time="0.000" /><testcase classname="statsmodels.regression.tests.test_robustcov" name="test_qr_equiv[cov_info4]" time="0.000" /><testcase classname="statsmodels.regression.tests.test_robustcov" name="test_qr_equiv[cov_info5]" time="0.001" /><testcase classname="statsmodels.regression.tests.test_robustcov" name="test_qr_equiv[cov_info6]" time="0.001" /><testcase classname="statsmodels.regression.tests.test_robustcov.TestOLSRobustHacSmall" name="test_qr_equiv" time="0.001" /><testcase classname="statsmodels.regression.tests.test_robustcov.TestOLSRobustHacSmall" name="test_tests" time="0.000" /><testcase classname="statsmodels.regression.tests.test_robustcov.TestOLSRobustHacSmall" name="test_f_test_summary" time="0.000" /><testcase classname="statsmodels.regression.tests.test_robustcov.TestOLSRobustHacSmall" name="test_t_test_summary_frame" time="0.000" /><testcase classname="statsmodels.regression.tests.test_robustcov.TestOLSRobustHacSmall" name="test_basic" time="0.000" /><testcase classname="statsmodels.regression.tests.test_robustcov.TestOLSRobustHacSmall" name="test_t_test_summary" time="0.000" /><testcase classname="statsmodels.regression.tests.test_robustcov.TestWLSOLSRobustSmall" name="test_fixed_scale" time="0.002" /><testcase classname="statsmodels.regression.tests.test_robustcov.TestWLSOLSRobustSmall" name="test_all" time="0.001" /><testcase classname="statsmodels.regression.tests.test_robustcov.TestOLSRobustClusterGS" name="test_basic" time="0.002" /><testcase classname="statsmodels.regression.tests.test_robustcov.TestOLSRobustClusterGS" name="test_compare" time="0.000" /><testcase classname="statsmodels.regression.tests.test_robustcov.TestOLSRobustClusterGS" name="test_fvalue" time="0.000"><skipped type="pytest.skip" message="TODO: document why this test is skipped">/Users/baburini/Documents/Projects/statsmodels_x13/statsmodels/regression/tests/test_robustcov.py:196: TODO: document why this test is skipped</skipped></testcase><testcase classname="statsmodels.regression.tests.test_robustcov.TestOLSRobustClusterGS" name="test_summary" time="0.001" /><testcase classname="statsmodels.regression.tests.test_robustcov.TestOLSRobustClusterGS" name="test_t_test_summary" time="0.000" /><testcase classname="statsmodels.regression.tests.test_robustcov.TestOLSRobustClusterGS" name="test_t_test_summary_frame" time="0.000" /><testcase classname="statsmodels.regression.tests.test_robustcov.TestOLSRobustClusterGS" name="test_scale" time="0.000" /><testcase classname="statsmodels.regression.tests.test_robustcov.TestOLSRobustClusterGS" name="test_confint" time="0.000" /><testcase classname="statsmodels.regression.tests.test_robustcov.TestOLSRobustClusterGS" name="test_tests" time="0.000" /><testcase classname="statsmodels.regression.tests.test_robustcov.TestOLSRobustClusterGS" name="test_ttest" time="0.000" /><testcase classname="statsmodels.regression.tests.test_robustcov.TestOLSRobustClusterGS" name="test_f_test_summary" time="0.000" /><testcase classname="statsmodels.regression.tests.test_robustcov.TestOLSRobustCluster2LargeFit" name="test_basic" time="0.002" /><testcase classname="statsmodels.regression.tests.test_robustcov.TestOLSRobustCluster2LargeFit" name="test_fvalue" time="0.000"><skipped type="pytest.skip" message="GH#1189 issuecomment-29141741">/Users/baburini/Documents/Projects/statsmodels_x13/statsmodels/regression/tests/test_robustcov.py:545: GH#1189 issuecomment-29141741</skipped></testcase><testcase classname="statsmodels.regression.tests.test_robustcov.TestOLSRobustCluster2LargeFit" name="test_confint" time="0.000" /><testcase classname="statsmodels.regression.tests.test_robustcov.TestOLSRobustCluster2LargeFit" name="test_scale" time="0.001" /><testcase classname="statsmodels.regression.tests.test_robustcov.TestOLSRobustCluster2LargeFit" name="test_t_test_summary" time="0.000" /><testcase classname="statsmodels.regression.tests.test_robustcov.TestOLSRobustCluster2LargeFit" name="test_tests" time="0.001" /><testcase classname="statsmodels.regression.tests.test_robustcov.TestOLSRobustCluster2LargeFit" name="test_ttest" time="0.001" /><testcase classname="statsmodels.regression.tests.test_robustcov.TestOLSRobustCluster2LargeFit" name="test_summary" time="0.001" /><testcase classname="statsmodels.regression.tests.test_robustcov.TestOLSRobustCluster2LargeFit" name="test_compare" time="0.000" /><testcase classname="statsmodels.regression.tests.test_robustcov.TestOLSRobustCluster2LargeFit" name="test_t_test_summary_frame" time="0.000" /><testcase classname="statsmodels.regression.tests.test_robustcov.TestOLSRobustCluster2LargeFit" name="test_f_test_summary" time="0.000" /><testcase classname="statsmodels.regression.tests.test_robustcov.TestWLSRobustCluster2Large" name="test_scale" time="0.002" /><testcase classname="statsmodels.regression.tests.test_robustcov.TestWLSRobustCluster2Large" name="test_t_test_summary_frame" time="0.000" /><testcase classname="statsmodels.regression.tests.test_robustcov.TestWLSRobustCluster2Large" name="test_compare" time="0.000" /><testcase classname="statsmodels.regression.tests.test_robustcov.TestWLSRobustCluster2Large" name="test_t_test_summary" time="0.000" /><testcase classname="statsmodels.regression.tests.test_robustcov.TestWLSRobustCluster2Large" name="test_fvalue" time="0.000"><skipped type="pytest.skip" message="TODO: document why this test is skipped">/Users/baburini/Documents/Projects/statsmodels_x13/statsmodels/regression/tests/test_robustcov.py:196: TODO: document why this test is skipped</skipped></testcase><testcase classname="statsmodels.regression.tests.test_robustcov.TestWLSRobustCluster2Large" name="test_summary" time="0.001" /><testcase classname="statsmodels.regression.tests.test_robustcov.TestWLSRobustCluster2Large" name="test_basic" time="0.000" /><testcase classname="statsmodels.regression.tests.test_robustcov.TestWLSRobustCluster2Large" name="test_confint" time="0.000" /><testcase classname="statsmodels.regression.tests.test_robustcov.TestWLSRobustCluster2Large" name="test_f_test_summary" time="0.000" /><testcase classname="statsmodels.regression.tests.test_robustcov.TestWLSRobustCluster2Large" name="test_ttest" time="0.000" /><testcase classname="statsmodels.regression.tests.test_robustcov.TestWLSRobustCluster2Large" name="test_tests" time="0.001" /><testcase classname="statsmodels.regression.tests.test_robustcov.TestOLSRobustCluster2Large" name="test_ttest" time="0.002" /><testcase classname="statsmodels.regression.tests.test_robustcov.TestOLSRobustCluster2Large" name="test_tests" time="0.000" /><testcase classname="statsmodels.regression.tests.test_robustcov.TestOLSRobustCluster2Large" name="test_confint" time="0.001" /><testcase classname="statsmodels.regression.tests.test_robustcov.TestOLSRobustCluster2Large" name="test_t_test_summary_frame" time="0.000" /><testcase classname="statsmodels.regression.tests.test_robustcov.TestOLSRobustCluster2Large" name="test_f_test_summary" time="0.000" /><testcase classname="statsmodels.regression.tests.test_robustcov.TestOLSRobustCluster2Large" name="test_f_value" time="0.000"><skipped type="pytest.skip" message="GH#1189 issuecomment-29141741">/Users/baburini/Documents/Projects/statsmodels_x13/statsmodels/regression/tests/test_robustcov.py:510: GH#1189 issuecomment-29141741</skipped></testcase><testcase classname="statsmodels.regression.tests.test_robustcov.TestOLSRobustCluster2Large" name="test_compare" time="0.000" /><testcase classname="statsmodels.regression.tests.test_robustcov.TestOLSRobustCluster2Large" name="test_basic" time="0.000" /><testcase classname="statsmodels.regression.tests.test_robustcov.TestOLSRobustCluster2Large" name="test_fvalue" time="0.000"><skipped type="pytest.skip" message="TODO: document why this test is skipped">/Users/baburini/Documents/Projects/statsmodels_x13/statsmodels/regression/tests/test_robustcov.py:196: TODO: document why this test is skipped</skipped></testcase><testcase classname="statsmodels.regression.tests.test_robustcov.TestOLSRobustCluster2Large" name="test_scale" time="0.000" /><testcase classname="statsmodels.regression.tests.test_robustcov.TestOLSRobustCluster2Large" name="test_t_test_summary" time="0.000" /><testcase classname="statsmodels.regression.tests.test_robustcov.TestOLSRobustCluster2Large" name="test_summary" time="0.001" /><testcase classname="statsmodels.regression.tests.test_robustcov.TestOLSRobustCluster2Fit" name="test_ttest" time="0.002" /><testcase classname="statsmodels.regression.tests.test_robustcov.TestOLSRobustCluster2Fit" name="test_t_test_summary" time="0.000" /><testcase classname="statsmodels.regression.tests.test_robustcov.TestOLSRobustCluster2Fit" name="test_compare" time="0.000" /><testcase classname="statsmodels.regression.tests.test_robustcov.TestOLSRobustCluster2Fit" name="test_tests" time="0.001" /><testcase classname="statsmodels.regression.tests.test_robustcov.TestOLSRobustCluster2Fit" name="test_basic_inference" time="0.001" /><testcase classname="statsmodels.regression.tests.test_robustcov.TestOLSRobustCluster2Fit" name="test_summary" time="0.001" /><testcase classname="statsmodels.regression.tests.test_robustcov.TestOLSRobustCluster2Fit" name="test_fvalue" time="0.040" /><testcase classname="statsmodels.regression.tests.test_robustcov.TestOLSRobustCluster2Fit" name="test_confint" time="0.001" /><testcase classname="statsmodels.regression.tests.test_robustcov.TestOLSRobustCluster2Fit" name="test_t_test_summary_frame" time="0.000" /><testcase classname="statsmodels.regression.tests.test_robustcov.TestOLSRobustCluster2Fit" name="test_f_test_summary" time="0.000" /><testcase classname="statsmodels.regression.tests.test_robustcov.TestOLSRobustCluster2Fit" name="test_basic" time="0.000" /><testcase classname="statsmodels.regression.tests.test_robustcov.TestOLSRobustCluster2Fit" name="test_scale" time="0.000" /><testcase classname="statsmodels.regression.tests.test_robustcov.TestOLSRobust2SmallNew" name="test_t_test_summary" time="0.001" /><testcase classname="statsmodels.regression.tests.test_robustcov.TestOLSRobust2SmallNew" name="test_ttest" time="0.000" /><testcase classname="statsmodels.regression.tests.test_robustcov.TestOLSRobust2SmallNew" name="test_tests" time="0.001" /><testcase classname="statsmodels.regression.tests.test_robustcov.TestOLSRobust2SmallNew" name="test_confint" time="0.000" /><testcase classname="statsmodels.regression.tests.test_robustcov.TestOLSRobust2SmallNew" name="test_f_test_summary" time="0.000" /><testcase classname="statsmodels.regression.tests.test_robustcov.TestOLSRobust2SmallNew" name="test_t_test_summary_frame" time="0.000" /><testcase classname="statsmodels.regression.tests.test_robustcov.TestOLSRobust2SmallNew" name="test_scale" time="0.000" /><testcase classname="statsmodels.regression.tests.test_robustcov.TestOLSRobust2SmallNew" name="test_fvalue" time="0.000" /><testcase classname="statsmodels.regression.tests.test_robustcov.TestOLSRobust2SmallNew" name="test_summary" time="0.001" /><testcase classname="statsmodels.regression.tests.test_robustcov.TestOLSRobust2SmallNew" name="test_compare" time="0.000" /><testcase classname="statsmodels.regression.tests.test_robustcov.TestOLSRobust2SmallNew" name="test_qr_equiv" time="0.000" /><testcase classname="statsmodels.regression.tests.test_robustcov.TestOLSRobust2SmallNew" name="test_basic" time="0.000" /><testcase classname="statsmodels.regression.tests.test_robustcov.TestOLSRobustClusterGSFit" name="test_compare" time="0.002" /><testcase classname="statsmodels.regression.tests.test_robustcov.TestOLSRobustClusterGSFit" name="test_basic" time="0.000" /><testcase classname="statsmodels.regression.tests.test_robustcov.TestOLSRobustClusterGSFit" name="test_scale" time="0.000" /><testcase classname="statsmodels.regression.tests.test_robustcov.TestOLSRobustClusterGSFit" name="test_f_test_summary" time="0.000" /><testcase classname="statsmodels.regression.tests.test_robustcov.TestOLSRobustClusterGSFit" name="test_summary" time="0.001" /><testcase classname="statsmodels.regression.tests.test_robustcov.TestOLSRobustClusterGSFit" name="test_t_test_summary_frame" time="0.001" /><testcase classname="statsmodels.regression.tests.test_robustcov.TestOLSRobustClusterGSFit" name="test_ttest" time="0.001" /><testcase classname="statsmodels.regression.tests.test_robustcov.TestOLSRobustClusterGSFit" name="test_confint" time="0.001" /><testcase classname="statsmodels.regression.tests.test_robustcov.TestOLSRobustClusterGSFit" name="test_tests" time="0.001" /><testcase classname="statsmodels.regression.tests.test_robustcov.TestOLSRobustClusterGSFit" name="test_t_test_summary" time="0.001" /><testcase classname="statsmodels.regression.tests.test_robustcov.TestOLSRobustClusterGSFit" name="test_fvalue" time="0.000"><skipped type="pytest.skip" message="TODO: document why this test is skipped">/Users/baburini/Documents/Projects/statsmodels_x13/statsmodels/regression/tests/test_robustcov.py:196: TODO: document why this test is skipped</skipped></testcase><testcase classname="statsmodels.regression.tests.test_robustcov.TestWLSRobustCluster2" name="test_scale" time="0.002" /><testcase classname="statsmodels.regression.tests.test_robustcov.TestWLSRobustCluster2" name="test_compare" time="0.000" /><testcase classname="statsmodels.regression.tests.test_robustcov.TestWLSRobustCluster2" name="test_t_test_summary_frame" time="0.000" /><testcase classname="statsmodels.regression.tests.test_robustcov.TestWLSRobustCluster2" name="test_fvalue" time="0.000" /><testcase classname="statsmodels.regression.tests.test_robustcov.TestWLSRobustCluster2" name="test_basic" time="0.000" /><testcase classname="statsmodels.regression.tests.test_robustcov.TestWLSRobustCluster2" name="test_summary" time="0.001" /><testcase classname="statsmodels.regression.tests.test_robustcov.TestWLSRobustCluster2" name="test_t_test_summary" time="0.000" /><testcase classname="statsmodels.regression.tests.test_robustcov.TestWLSRobustCluster2" name="test_confint" time="0.000" /><testcase classname="statsmodels.regression.tests.test_robustcov.TestWLSRobustCluster2" name="test_ttest" time="0.000" /><testcase classname="statsmodels.regression.tests.test_robustcov.TestWLSRobustCluster2" name="test_tests" time="0.001" /><testcase classname="statsmodels.regression.tests.test_robustcov.TestWLSRobustCluster2" name="test_f_test_summary" time="0.000" /><testcase classname="statsmodels.regression.tests.test_robustcov.TestOLSRobustCluster2G" name="test_basic" time="0.002" /><testcase classname="statsmodels.regression.tests.test_robustcov.TestOLSRobustCluster2G" name="test_t_test_summary" time="0.000" /><testcase classname="statsmodels.regression.tests.test_robustcov.TestOLSRobustCluster2G" name="test_summary" time="0.001" /><testcase classname="statsmodels.regression.tests.test_robustcov.TestOLSRobustCluster2G" name="test_t_test_summary_frame" time="0.000" /><testcase classname="statsmodels.regression.tests.test_robustcov.TestOLSRobustCluster2G" name="test_compare" time="0.000" /><testcase classname="statsmodels.regression.tests.test_robustcov.TestOLSRobustCluster2G" name="test_fvalue" time="0.000" /><testcase classname="statsmodels.regression.tests.test_robustcov.TestOLSRobustCluster2G" name="test_scale" time="0.000" /><testcase classname="statsmodels.regression.tests.test_robustcov.TestOLSRobustCluster2G" name="test_tests" time="0.001" /><testcase classname="statsmodels.regression.tests.test_robustcov.TestOLSRobustCluster2G" name="test_f_test_summary" time="0.000" /><testcase classname="statsmodels.regression.tests.test_robustcov.TestOLSRobustCluster2G" name="test_ttest" time="0.000" /><testcase classname="statsmodels.regression.tests.test_robustcov.TestOLSRobustCluster2G" name="test_confint" time="0.000" /><testcase classname="statsmodels.regression.tests.test_robustcov.TestOLSRobustClusterNWP" name="test_confint" time="0.002" /><testcase classname="statsmodels.regression.tests.test_robustcov.TestOLSRobustClusterNWP" name="test_tests" time="0.001" /><testcase classname="statsmodels.regression.tests.test_robustcov.TestOLSRobustClusterNWP" name="test_t_test_summary" time="0.000" /><testcase classname="statsmodels.regression.tests.test_robustcov.TestOLSRobustClusterNWP" name="test_ttest" time="0.000" /><testcase classname="statsmodels.regression.tests.test_robustcov.TestOLSRobustClusterNWP" name="test_keyword" time="0.000" /><testcase classname="statsmodels.regression.tests.test_robustcov.TestOLSRobustClusterNWP" name="test_fvalue" time="0.000"><skipped type="pytest.skip" message="TODO: document why this test is skipped">/Users/baburini/Documents/Projects/statsmodels_x13/statsmodels/regression/tests/test_robustcov.py:196: TODO: document why this test is skipped</skipped></testcase><testcase classname="statsmodels.regression.tests.test_robustcov.TestOLSRobustClusterNWP" name="test_basic" time="0.000" /><testcase classname="statsmodels.regression.tests.test_robustcov.TestOLSRobustClusterNWP" name="test_compare" time="0.000" /><testcase classname="statsmodels.regression.tests.test_robustcov.TestOLSRobustClusterNWP" name="test_f_test_summary" time="0.000" /><testcase classname="statsmodels.regression.tests.test_robustcov.TestOLSRobustClusterNWP" name="test_t_test_summary_frame" time="0.000" /><testcase classname="statsmodels.regression.tests.test_robustcov.TestOLSRobustClusterNWP" name="test_summary" time="0.001" /><testcase classname="statsmodels.regression.tests.test_robustcov.TestOLSRobustClusterNWP" name="test_scale" time="0.000" /><testcase classname="statsmodels.regression.tests.test_robustcov.TestOLSRobust1" name="test_basic" time="0.002" /><testcase classname="statsmodels.regression.tests.test_robustcov.TestOLSRobust1" name="test_qr_equiv" time="0.000" /><testcase classname="statsmodels.regression.tests.test_robustcov.TestOLSRobust1" name="test_t_test_summary" time="0.000" /><testcase classname="statsmodels.regression.tests.test_robustcov.TestOLSRobust1" name="test_tests" time="0.000" /><testcase classname="statsmodels.regression.tests.test_robustcov.TestOLSRobust1" name="test_t_test_summary_frame" time="0.000" /><testcase classname="statsmodels.regression.tests.test_robustcov.TestOLSRobust1" name="test_f_test_summary" time="0.000" /><testcase classname="statsmodels.regression.tests.test_robustcov.TestOLSRobustClusterNWPGroupsFit" name="test_ttest" time="0.002" /><testcase classname="statsmodels.regression.tests.test_robustcov.TestOLSRobustClusterNWPGroupsFit" name="test_tests" time="0.001" /><testcase classname="statsmodels.regression.tests.test_robustcov.TestOLSRobustClusterNWPGroupsFit" name="test_confint" time="0.001" /><testcase classname="statsmodels.regression.tests.test_robustcov.TestOLSRobustClusterNWPGroupsFit" name="test_t_test_summary_frame" time="0.000" /><testcase classname="statsmodels.regression.tests.test_robustcov.TestOLSRobustClusterNWPGroupsFit" name="test_t_test_summary" time="0.000" /><testcase classname="statsmodels.regression.tests.test_robustcov.TestOLSRobustClusterNWPGroupsFit" name="test_fvalue" time="0.000"><skipped type="pytest.skip" message="TODO: document why this test is skipped">/Users/baburini/Documents/Projects/statsmodels_x13/statsmodels/regression/tests/test_robustcov.py:196: TODO: document why this test is skipped</skipped></testcase><testcase classname="statsmodels.regression.tests.test_robustcov.TestOLSRobustClusterNWPGroupsFit" name="test_summary" time="0.001" /><testcase classname="statsmodels.regression.tests.test_robustcov.TestOLSRobustClusterNWPGroupsFit" name="test_basic" time="0.000" /><testcase classname="statsmodels.regression.tests.test_robustcov.TestOLSRobustClusterNWPGroupsFit" name="test_scale" time="0.000" /><testcase classname="statsmodels.regression.tests.test_robustcov.TestOLSRobustClusterNWPGroupsFit" name="test_compare" time="0.000" /><testcase classname="statsmodels.regression.tests.test_robustcov.TestOLSRobustClusterNWPGroupsFit" name="test_f_test_summary" time="0.001" /><testcase classname="statsmodels.regression.tests.test_predict" name="test_predict_se" time="0.001" /><testcase classname="statsmodels.regression.tests.test_predict" name="test_predict_remove_data" time="0.001" /><testcase classname="statsmodels.regression.tests.test_predict.TestWLSPrediction" name="test_glm" time="0.002" /><testcase classname="statsmodels.regression.tests.test_predict.TestWLSPrediction" name="test_ci" time="0.001" /><testcase classname="statsmodels.regression.tests.test_glsar_gretl.TestGLSARGretl" name="test_all" time="0.015" /><testcase classname="statsmodels.regression.tests.test_glsar_gretl" name="test_GLSARlag" time="0.002" /><testcase classname="statsmodels.regression.tests.test_lme" name="test_r[False-False-lme10.csv]" time="0.082" /><testcase classname="statsmodels.regression.tests.test_lme" name="test_r[True-True-lme01.csv]" time="0.000" /><testcase classname="statsmodels.regression.tests.test_lme" name="test_r[False-True-lme00.csv]" time="0.032" /><testcase classname="statsmodels.regression.tests.test_lme" name="test_r[True-False-lme09.csv]" time="0.048" /><testcase classname="statsmodels.regression.tests.test_lme" name="test_r[False-True-lme07.csv]" time="0.098" /><testcase classname="statsmodels.regression.tests.test_lme" name="test_random_effects_getters" time="1.400" /><testcase classname="statsmodels.regression.tests.test_lme" name="test_r[True-True-lme06.csv]" time="0.072" /><testcase classname="statsmodels.regression.tests.test_lme" name="test_r[False-False-lme03.csv]" time="0.032" /><testcase classname="statsmodels.regression.tests.test_lme" name="test_r[True-True-lme08.csv]" time="0.061" /><testcase classname="statsmodels.regression.tests.test_lme" name="test_r[False-True-lme09.csv]" time="0.083" /><testcase classname="statsmodels.regression.tests.test_lme" name="test_r[True-False-lme00.csv]" time="0.000" /><testcase classname="statsmodels.regression.tests.test_lme" name="test_r[True-False-lme07.csv]" time="0.054" /><testcase classname="statsmodels.regression.tests.test_lme" name="test_r[False-False-lme04.csv]" time="0.032" /><testcase classname="statsmodels.regression.tests.test_lme" name="test_r[False-True-lme02.csv]" time="0.032" /><testcase classname="statsmodels.regression.tests.test_lme" name="test_r[True-False-lme11.csv]" time="0.044" /><testcase classname="statsmodels.regression.tests.test_lme" name="test_summary_col" time="0.018" /><testcase classname="statsmodels.regression.tests.test_lme" name="test_r[False-False-lme08.csv]" time="0.084" /><testcase classname="statsmodels.regression.tests.test_lme" name="test_r[True-True-lme03.csv]" time="0.000" /><testcase classname="statsmodels.regression.tests.test_lme" name="test_mixed_lm_wrapper" time="0.177" /><testcase classname="statsmodels.regression.tests.test_lme" name="test_r[True-True-lme04.csv]" time="0.000" /><testcase classname="statsmodels.regression.tests.test_lme" name="test_r[False-True-lme05.csv]" time="0.036" /><testcase classname="statsmodels.regression.tests.test_lme" name="test_r[False-True-lme11.csv]" time="0.084" /><testcase classname="statsmodels.regression.tests.test_lme" name="test_r[True-False-lme02.csv]" time="0.000" /><testcase classname="statsmodels.regression.tests.test_lme" name="test_r[True-True-lme10.csv]" time="0.071" /><testcase classname="statsmodels.regression.tests.test_lme" name="test_r[False-False-lme01.csv]" time="0.094" /><testcase classname="statsmodels.regression.tests.test_lme" name="test_r[False-False-lme06.csv]" time="0.084" /><testcase classname="statsmodels.regression.tests.test_lme" name="test_r[True-False-lme05.csv]" time="0.000" /><testcase classname="statsmodels.regression.tests.test_lme" name="test_r[True-True-lme02.csv]" time="0.000" /><testcase classname="statsmodels.regression.tests.test_lme" name="test_r[False-False-lme09.csv]" time="0.073" /><testcase classname="statsmodels.regression.tests.test_lme" name="test_r[False-True-lme03.csv]" time="0.036" /><testcase classname="statsmodels.regression.tests.test_lme" name="test_r[True-False-lme10.csv]" time="0.059" /><testcase classname="statsmodels.regression.tests.test_lme" name="test_r[False-True-lme04.csv]" time="0.036" /><testcase classname="statsmodels.regression.tests.test_lme" name="test_r[True-True-lme05.csv]" time="0.000" /><testcase classname="statsmodels.regression.tests.test_lme" name="test_r[True-True-lme11.csv]" time="0.054" /><testcase classname="statsmodels.regression.tests.test_lme" name="test_r[False-False-lme00.csv]" time="0.029" /><testcase classname="statsmodels.regression.tests.test_lme" name="test_r[False-True-lme10.csv]" time="0.097" /><testcase classname="statsmodels.regression.tests.test_lme" name="test_random_effects" time="0.137" /><testcase classname="statsmodels.regression.tests.test_lme" name="test_r[True-False-lme03.csv]" time="0.000" /><testcase classname="statsmodels.regression.tests.test_lme" name="test_r[True-False-lme04.csv]" time="0.000" /><testcase classname="statsmodels.regression.tests.test_lme" name="test_r[False-False-lme07.csv]" time="0.081" /><testcase classname="statsmodels.regression.tests.test_lme" name="test_r[False-True-lme01.csv]" time="0.068" /><testcase classname="statsmodels.regression.tests.test_lme" name="test_r[True-False-lme08.csv]" time="0.051" /><testcase classname="statsmodels.regression.tests.test_lme" name="test_r[False-False-lme11.csv]" time="0.071" /><testcase classname="statsmodels.regression.tests.test_lme" name="test_r[True-True-lme00.csv]" time="0.000" /><testcase classname="statsmodels.regression.tests.test_lme" name="test_r[True-True-lme07.csv]" time="0.067" /><testcase classname="statsmodels.regression.tests.test_lme" name="test_r[False-True-lme06.csv]" time="0.103" /><testcase classname="statsmodels.regression.tests.test_lme" name="test_r[False-True-lme08.csv]" time="0.101" /><testcase classname="statsmodels.regression.tests.test_lme" name="test_r[True-False-lme01.csv]" time="0.000" /><testcase classname="statsmodels.regression.tests.test_lme" name="test_r[True-True-lme09.csv]" time="0.058" /><testcase classname="statsmodels.regression.tests.test_lme" name="test_r[False-False-lme02.csv]" time="0.029" /><testcase classname="statsmodels.regression.tests.test_lme" name="test_r[False-False-lme05.csv]" time="0.032" /><testcase classname="statsmodels.regression.tests.test_lme" name="test_handle_missing" time="0.987" /><testcase classname="statsmodels.regression.tests.test_lme" name="test_r[True-False-lme06.csv]" time="0.059" /><testcase classname="statsmodels.regression.tests.test_lme" name="test_singular" time="0.010" /><testcase classname="statsmodels.regression.tests.test_lme" name="test_get_distribution" time="0.019" /><testcase classname="statsmodels.regression.tests.test_lme.TestMixedLMSummary" name="test_summary_title" time="0.003" /><testcase classname="statsmodels.regression.tests.test_lme.TestMixedLMSummary" name="test_summary" time="0.001" /><testcase classname="statsmodels.regression.tests.test_lme.TestMixedLMSummary" name="test_summary_xname_re" time="0.000" /><testcase classname="statsmodels.regression.tests.test_lme.TestMixedLMSummary" name="test_summary_xname_fe" time="0.000" /><testcase classname="statsmodels.regression.tests.test_lme.TestSMWLogdet" name="test_smw_logdet[0-3-8-5]" time="0.000" /><testcase classname="statsmodels.regression.tests.test_lme.TestSMWLogdet" name="test_smw_logdet[0.5-3-8-5]" time="0.000" /><testcase classname="statsmodels.regression.tests.test_lme.TestSMWLogdet" name="test_smw_logdet[0.5-3-4-10]" time="0.000" /><testcase classname="statsmodels.regression.tests.test_lme.TestSMWLogdet" name="test_smw_logdet[0-2-8-10]" time="0.000" /><testcase classname="statsmodels.regression.tests.test_lme.TestSMWLogdet" name="test_smw_logdet[0.5-2-8-10]" time="0.000" /><testcase classname="statsmodels.regression.tests.test_lme.TestSMWLogdet" name="test_smw_logdet[0-3-4-5]" time="0.000" /><testcase classname="statsmodels.regression.tests.test_lme.TestSMWLogdet" name="test_smw_logdet[0-3-4-10]" time="0.000" /><testcase classname="statsmodels.regression.tests.test_lme.TestSMWLogdet" name="test_smw_logdet[0.5-3-4-5]" time="0.000" /><testcase classname="statsmodels.regression.tests.test_lme.TestSMWLogdet" name="test_smw_logdet[0.5-2-4-10]" time="0.000" /><testcase classname="statsmodels.regression.tests.test_lme.TestSMWLogdet" name="test_smw_logdet[0-2-4-5]" time="0.000" /><testcase classname="statsmodels.regression.tests.test_lme.TestSMWLogdet" name="test_smw_logdet[0.5-2-4-5]" time="0.000" /><testcase classname="statsmodels.regression.tests.test_lme.TestSMWLogdet" name="test_smw_logdet[0-3-8-10]" time="0.000" /><testcase classname="statsmodels.regression.tests.test_lme.TestSMWLogdet" name="test_smw_logdet[0-2-8-5]" time="0.000" /><testcase classname="statsmodels.regression.tests.test_lme.TestSMWLogdet" name="test_smw_logdet[0.5-2-8-5]" time="0.000" /><testcase classname="statsmodels.regression.tests.test_lme.TestSMWLogdet" name="test_smw_logdet[0.5-3-8-10]" time="0.000" /><testcase classname="statsmodels.regression.tests.test_lme.TestSMWLogdet" name="test_smw_logdet[0-2-4-10]" time="0.000" /><testcase classname="statsmodels.regression.tests.test_lme.TestMixedLM" name="test_pastes_vcomp" time="0.034" /><testcase classname="statsmodels.regression.tests.test_lme.TestMixedLM" name="test_compare_numdiff[False-True-False]" time="1.134" /><testcase classname="statsmodels.regression.tests.test_lme.TestMixedLM" name="test_compare_numdiff[True-False-False]" time="0.637" /><testcase classname="statsmodels.regression.tests.test_lme.TestMixedLM" name="test_vcomp_1" time="0.128" /><testcase classname="statsmodels.regression.tests.test_lme.TestMixedLM" name="test_compare_numdiff[False-True-True]" time="0.516" /><testcase classname="statsmodels.regression.tests.test_lme.TestMixedLM" name="test_default_re" time="0.043" /><testcase classname="statsmodels.regression.tests.test_lme.TestMixedLM" name="test_history" time="0.022" /><testcase classname="statsmodels.regression.tests.test_lme.TestMixedLM" name="test_compare_numdiff[False-False-True]" time="0.446" /><testcase classname="statsmodels.regression.tests.test_lme.TestMixedLM" name="test_vcomp_formula" time="1.054" /><testcase classname="statsmodels.regression.tests.test_lme.TestMixedLM" name="test_vcomp_2" time="0.555" /><testcase classname="statsmodels.regression.tests.test_lme.TestMixedLM" name="test_compare_numdiff[True-True-True]" time="0.538" /><testcase classname="statsmodels.regression.tests.test_lme.TestMixedLM" name="test_compare_numdiff[True-False-True]" time="0.463" /><testcase classname="statsmodels.regression.tests.test_lme.TestMixedLM" name="test_sparse" time="0.277" /><testcase time="0.000" /></testsuite></testsuites>